TN:
SF:axios.js
FNF:0
FNH:0
LF:0
LH:0
BRF:0
BRH:0
end_of_record
TN:
SF:babel.config.js
FNF:0
FNH:0
DA:1,0
LF:1
LH:0
BRF:0
BRH:0
end_of_record
TN:
SF:postcss.config.js
FNF:0
FNH:0
DA:1,0
LF:1
LH:0
BRF:0
BRH:0
end_of_record
TN:
SF:server.js
FNF:0
FNH:0
DA:1,0
DA:2,0
DA:3,0
DA:4,0
DA:5,0
DA:6,0
DA:7,0
DA:8,0
LF:8
LH:0
BRDA:6,0,0,0
BRDA:6,0,1,0
BRF:2
BRH:0
end_of_record
TN:
SF:tailwind.config.js
FNF:0
FNH:0
DA:1,0
LF:1
LH:0
BRF:0
BRH:0
end_of_record
TN:
SF:vue.config.js
FNF:0
FNH:0
DA:1,0
LF:1
LH:0
BRF:0
BRH:0
end_of_record
TN:
SF:coverage/lcov-report/block-navigation.js
FN:2,init
FN:24,toggleClass
FN:31,makeCurrent
FN:41,goToPrevious
FN:52,goToNext
FN:65,jump
FNF:6
FNH:0
FNDA:0,init
FNDA:0,toggleClass
FNDA:0,makeCurrent
FNDA:0,goToPrevious
FNDA:0,goToNext
FNDA:0,jump
DA:2,0
DA:4,0
DA:7,0
DA:10,0
DA:14,0
DA:20,0
DA:25,0
DA:28,0
DA:32,0
DA:33,0
DA:34,0
DA:42,0
DA:43,0
DA:44,0
DA:45,0
DA:46,0
DA:49,0
DA:53,0
DA:55,0
DA:59,0
DA:62,0
DA:65,0
DA:66,0
DA:69,0
DA:70,0
DA:74,0
DA:75,0
DA:79,0
LF:28
LH:0
BRDA:43,0,0,0
BRDA:43,0,1,0
BRDA:43,1,0,0
BRDA:43,1,1,0
BRDA:45,2,0,0
BRDA:45,2,1,0
BRDA:55,3,0,0
BRDA:55,3,1,0
BRDA:56,4,0,0
BRDA:56,4,1,0
BRDA:66,5,0,0
BRDA:66,5,1,0
BRDA:66,5,2,0
BRDA:66,5,3,0
BRDA:66,5,4,0
BRF:15
BRH:0
end_of_record
TN:
SF:coverage/lcov-report/prettify.js
FN:2,(anonymous_0)
FN:2,k
FN:2,ab
FN:2,T
FN:2,X
FN:2,(anonymous_5)
FN:2,W
FN:2,(anonymous_7)
FN:2,a
FN:2,aa
FN:2,B
FN:2,o
FN:2,g
FN:2,(anonymous_13)
FN:2,(anonymous_14)
FN:2,i
FN:2,Q
FN:2,ae
FN:2,ad
FN:2,ai
FN:2,D
FN:2,c
FN:2,q
FN:2,d
FN:2,y
FN:2,b
FN:2,Y
FN:2,(anonymous_27)
FN:2,U
FNF:29
FNH:0
FNDA:0,(anonymous_0)
FNDA:0,k
FNDA:0,ab
FNDA:0,T
FNDA:0,X
FNDA:0,(anonymous_5)
FNDA:0,W
FNDA:0,(anonymous_7)
FNDA:0,a
FNDA:0,aa
FNDA:0,B
FNDA:0,o
FNDA:0,g
FNDA:0,(anonymous_13)
FNDA:0,(anonymous_14)
FNDA:0,i
FNDA:0,Q
FNDA:0,ae
FNDA:0,ad
FNDA:0,ai
FNDA:0,D
FNDA:0,c
FNDA:0,q
FNDA:0,d
FNDA:0,y
FNDA:0,b
FNDA:0,Y
FNDA:0,(anonymous_27)
FNDA:0,U
DA:2,0
LF:1
LH:0
BRDA:2,0,0,0
BRDA:2,0,1,0
BRDA:2,1,0,0
BRDA:2,1,1,0
BRDA:2,2,0,0
BRDA:2,2,1,0
BRDA:2,3,0,0
BRDA:2,3,1,0
BRDA:2,4,0,0
BRDA:2,4,1,0
BRDA:2,5,0,0
BRDA:2,5,1,0
BRDA:2,6,0,0
BRDA:2,6,1,0
BRDA:2,7,0,0
BRDA:2,7,1,0
BRDA:2,8,0,0
BRDA:2,8,1,0
BRDA:2,9,0,0
BRDA:2,9,1,0
BRDA:2,10,0,0
BRDA:2,10,1,0
BRDA:2,11,0,0
BRDA:2,11,1,0
BRDA:2,11,2,0
BRDA:2,11,3,0
BRDA:2,12,0,0
BRDA:2,12,1,0
BRDA:2,13,0,0
BRDA:2,13,1,0
BRDA:2,14,0,0
BRDA:2,14,1,0
BRDA:2,15,0,0
BRDA:2,15,1,0
BRDA:2,16,0,0
BRDA:2,16,1,0
BRDA:2,17,0,0
BRDA:2,17,1,0
BRDA:2,18,0,0
BRDA:2,18,1,0
BRDA:2,19,0,0
BRDA:2,19,1,0
BRDA:2,20,0,0
BRDA:2,20,1,0
BRDA:2,21,0,0
BRDA:2,21,1,0
BRDA:2,22,0,0
BRDA:2,22,1,0
BRDA:2,23,0,0
BRDA:2,23,1,0
BRDA:2,24,0,0
BRDA:2,24,1,0
BRDA:2,25,0,0
BRDA:2,25,1,0
BRDA:2,26,0,0
BRDA:2,26,1,0
BRDA:2,27,0,0
BRDA:2,27,1,0
BRDA:2,28,0,0
BRDA:2,28,1,0
BRDA:2,29,0,0
BRDA:2,29,1,0
BRDA:2,30,0,0
BRDA:2,30,1,0
BRDA:2,31,0,0
BRDA:2,31,1,0
BRDA:2,32,0,0
BRDA:2,32,1,0
BRDA:2,33,0,0
BRDA:2,33,1,0
BRDA:2,34,0,0
BRDA:2,34,1,0
BRDA:2,35,0,0
BRDA:2,35,1,0
BRDA:2,36,0,0
BRDA:2,36,1,0
BRDA:2,37,0,0
BRDA:2,37,1,0
BRDA:2,38,0,0
BRDA:2,38,1,0
BRDA:2,39,0,0
BRDA:2,39,1,0
BRDA:2,40,0,0
BRDA:2,40,1,0
BRDA:2,41,0,0
BRDA:2,41,1,0
BRDA:2,42,0,0
BRDA:2,42,1,0
BRDA:2,43,0,0
BRDA:2,43,1,0
BRDA:2,44,0,0
BRDA:2,44,1,0
BRDA:2,45,0,0
BRDA:2,45,1,0
BRDA:2,46,0,0
BRDA:2,46,1,0
BRDA:2,47,0,0
BRDA:2,47,1,0
BRDA:2,48,0,0
BRDA:2,48,1,0
BRDA:2,49,0,0
BRDA:2,49,1,0
BRDA:2,50,0,0
BRDA:2,50,1,0
BRDA:2,50,2,0
BRDA:2,51,0,0
BRDA:2,51,1,0
BRDA:2,52,0,0
BRDA:2,52,1,0
BRDA:2,53,0,0
BRDA:2,53,1,0
BRDA:2,54,0,0
BRDA:2,54,1,0
BRDA:2,55,0,0
BRDA:2,55,1,0
BRDA:2,56,0,0
BRDA:2,56,1,0
BRDA:2,57,0,0
BRDA:2,57,1,0
BRDA:2,58,0,0
BRDA:2,58,1,0
BRDA:2,59,0,0
BRDA:2,59,1,0
BRDA:2,60,0,0
BRDA:2,60,1,0
BRDA:2,61,0,0
BRDA:2,61,1,0
BRDA:2,62,0,0
BRDA:2,62,1,0
BRDA:2,63,0,0
BRDA:2,63,1,0
BRDA:2,64,0,0
BRDA:2,64,1,0
BRDA:2,65,0,0
BRDA:2,65,1,0
BRDA:2,66,0,0
BRDA:2,66,1,0
BRDA:2,67,0,0
BRDA:2,67,1,0
BRDA:2,68,0,0
BRDA:2,68,1,0
BRDA:2,69,0,0
BRDA:2,69,1,0
BRDA:2,70,0,0
BRDA:2,70,1,0
BRDA:2,71,0,0
BRDA:2,71,1,0
BRDA:2,72,0,0
BRDA:2,72,1,0
BRDA:2,73,0,0
BRDA:2,73,1,0
BRDA:2,74,0,0
BRDA:2,74,1,0
BRDA:2,75,0,0
BRDA:2,75,1,0
BRDA:2,76,0,0
BRDA:2,76,1,0
BRDA:2,77,0,0
BRDA:2,77,1,0
BRDA:2,78,0,0
BRDA:2,78,1,0
BRDA:2,79,0,0
BRDA:2,79,1,0
BRDA:2,80,0,0
BRDA:2,80,1,0
BRDA:2,81,0,0
BRDA:2,81,1,0
BRDA:2,82,0,0
BRDA:2,82,1,0
BRDA:2,83,0,0
BRDA:2,83,1,0
BRDA:2,84,0,0
BRDA:2,84,1,0
BRDA:2,85,0,0
BRDA:2,85,1,0
BRDA:2,86,0,0
BRDA:2,86,1,0
BRDA:2,87,0,0
BRDA:2,87,1,0
BRDA:2,88,0,0
BRDA:2,88,1,0
BRDA:2,89,0,0
BRDA:2,89,1,0
BRDA:2,89,2,0
BRDA:2,90,0,0
BRDA:2,90,1,0
BRDA:2,91,0,0
BRDA:2,91,1,0
BRDA:2,92,0,0
BRDA:2,92,1,0
BRDA:2,93,0,0
BRDA:2,93,1,0
BRDA:2,94,0,0
BRDA:2,94,1,0
BRDA:2,95,0,0
BRDA:2,95,1,0
BRDA:2,96,0,0
BRDA:2,96,1,0
BRDA:2,97,0,0
BRDA:2,97,1,0
BRDA:2,98,0,0
BRDA:2,98,1,0
BRDA:2,99,0,0
BRDA:2,99,1,0
BRDA:2,100,0,0
BRDA:2,100,1,0
BRDA:2,101,0,0
BRDA:2,101,1,0
BRDA:2,102,0,0
BRDA:2,102,1,0
BRDA:2,103,0,0
BRDA:2,103,1,0
BRDA:2,104,0,0
BRDA:2,104,1,0
BRDA:2,105,0,0
BRDA:2,105,1,0
BRDA:2,106,0,0
BRDA:2,106,1,0
BRDA:2,107,0,0
BRDA:2,107,1,0
BRDA:2,108,0,0
BRDA:2,108,1,0
BRDA:2,109,0,0
BRDA:2,109,1,0
BRDA:2,110,0,0
BRDA:2,110,1,0
BRDA:2,111,0,0
BRDA:2,111,1,0
BRDA:2,112,0,0
BRDA:2,112,1,0
BRDA:2,113,0,0
BRDA:2,113,1,0
BRDA:2,114,0,0
BRDA:2,114,1,0
BRDA:2,115,0,0
BRDA:2,115,1,0
BRDA:2,116,0,0
BRDA:2,116,1,0
BRDA:2,117,0,0
BRDA:2,117,1,0
BRDA:2,118,0,0
BRDA:2,118,1,0
BRDA:2,119,0,0
BRDA:2,119,1,0
BRDA:2,120,0,0
BRDA:2,120,1,0
BRDA:2,121,0,0
BRDA:2,121,1,0
BRDA:2,122,0,0
BRDA:2,122,1,0
BRDA:2,123,0,0
BRDA:2,123,1,0
BRDA:2,124,0,0
BRDA:2,124,1,0
BRDA:2,125,0,0
BRDA:2,125,1,0
BRDA:2,126,0,0
BRDA:2,126,1,0
BRDA:2,127,0,0
BRDA:2,127,1,0
BRDA:2,128,0,0
BRDA:2,128,1,0
BRDA:2,128,2,0
BRDA:2,129,0,0
BRDA:2,129,1,0
BRDA:2,130,0,0
BRDA:2,130,1,0
BRDA:2,131,0,0
BRDA:2,131,1,0
BRDA:2,131,2,0
BRDA:2,131,3,0
BRDA:2,131,4,0
BRDA:2,132,0,0
BRDA:2,132,1,0
BRDA:2,133,0,0
BRDA:2,133,1,0
BRDA:2,134,0,0
BRDA:2,134,1,0
BRDA:2,135,0,0
BRDA:2,135,1,0
BRDA:2,136,0,0
BRDA:2,136,1,0
BRDA:2,137,0,0
BRDA:2,137,1,0
BRDA:2,138,0,0
BRDA:2,138,1,0
BRF:286
BRH:0
end_of_record
TN:
SF:coverage/lcov-report/sorter.js
FN:2,(anonymous_0)
FN:11,getTable
FN:15,getTableHeader
FN:19,getTableBody
FN:23,getNthColumn
FN:28,loadColumns
FN:53,loadRowData
FN:72,loadData
FN:81,sortByIndex
FN:83,(anonymous_9)
FN:95,(anonymous_10)
FN:112,removeSortIndicators
FN:120,addSortIndicators
FN:126,enableUI
FN:129,ithSorter
FN:132,(anonymous_15)
FN:159,(anonymous_16)
FNF:17
FNH:0
FNDA:0,(anonymous_0)
FNDA:0,getTable
FNDA:0,getTableHeader
FNDA:0,getTableBody
FNDA:0,getNthColumn
FNDA:0,loadColumns
FNDA:0,loadRowData
FNDA:0,loadData
FNDA:0,sortByIndex
FNDA:0,(anonymous_9)
FNDA:0,(anonymous_10)
FNDA:0,removeSortIndicators
FNDA:0,addSortIndicators
FNDA:0,enableUI
FNDA:0,ithSorter
FNDA:0,(anonymous_15)
FNDA:0,(anonymous_16)
DA:2,0
DA:5,0
DA:12,0
DA:16,0
DA:20,0
DA:24,0
DA:29,0
DA:31,0
DA:35,0
DA:36,0
DA:37,0
DA:42,0
DA:43,0
DA:44,0
DA:45,0
DA:49,0
DA:54,0
DA:57,0
DA:60,0
DA:61,0
DA:62,0
DA:63,0
DA:64,0
DA:65,0
DA:67,0
DA:69,0
DA:73,0
DA:76,0
DA:77,0
DA:82,0
DA:83,0
DA:84,0
DA:85,0
DA:86,0
DA:88,0
DA:89,0
DA:90,0
DA:91,0
DA:94,0
DA:95,0
DA:96,0
DA:100,0
DA:101,0
DA:102,0
DA:105,0
DA:107,0
DA:108,0
DA:113,0
DA:114,0
DA:116,0
DA:117,0
DA:121,0
DA:129,0
DA:130,0
DA:132,0
DA:133,0
DA:135,0
DA:136,0
DA:138,0
DA:139,0
DA:140,0
DA:141,0
DA:142,0
DA:145,0
DA:146,0
DA:149,0
DA:150,0
DA:151,0
DA:153,0
DA:159,0
DA:160,0
DA:161,0
DA:163,0
DA:164,0
DA:165,0
DA:166,0
DA:170,0
LF:77
LH:0
BRDA:40,0,0,0
BRDA:40,0,1,0
BRDA:43,1,0,0
BRDA:43,1,1,0
BRDA:64,2,0,0
BRDA:64,2,1,0
BRDA:86,3,0,0
BRDA:86,3,1,0
BRDA:86,4,0,0
BRDA:86,4,1,0
BRDA:94,5,0,0
BRDA:94,5,1,0
BRDA:121,6,0,0
BRDA:121,6,1,0
BRDA:135,7,0,0
BRDA:135,7,1,0
BRDA:146,8,0,0
BRDA:146,8,1,0
BRDA:150,9,0,0
BRDA:150,9,1,0
BRDA:160,10,0,0
BRDA:160,10,1,0
BRF:22
BRH:0
end_of_record
TN:
SF:dist/js/chunk-vendors.1bc20d47.js
FN:1,(anonymous_0)
FN:1,(anonymous_1)
FN:1,(anonymous_2)
FN:1,(anonymous_3)
FN:3,(anonymous_4)
FN:3,(anonymous_5)
FN:3,(anonymous_6)
FN:5,(anonymous_7)
FN:5,(anonymous_8)
FN:5,(anonymous_9)
FN:5,(anonymous_10)
FN:5,(anonymous_11)
FN:5,(anonymous_12)
FN:5,(anonymous_13)
FN:5,(anonymous_14)
FN:5,(anonymous_15)
FN:5,(anonymous_16)
FN:5,(anonymous_17)
FN:5,(anonymous_18)
FN:7,(anonymous_19)
FN:7,(anonymous_20)
FN:7,(anonymous_21)
FN:7,(anonymous_22)
FN:9,t
FN:9,a
FN:9,(anonymous_25)
FN:9,(anonymous_26)
FN:9,(anonymous_27)
FN:9,(anonymous_28)
FN:9,(anonymous_29)
FN:11,(anonymous_30)
FN:11,(anonymous_31)
FN:11,(anonymous_32)
FN:13,(anonymous_33)
FN:13,(anonymous_34)
FN:13,(anonymous_35)
FN:13,(anonymous_36)
FN:13,(anonymous_37)
FN:13,(anonymous_38)
FN:13,(anonymous_39)
FN:13,o
FN:13,(anonymous_41)
FN:13,(anonymous_42)
FN:13,(anonymous_43)
FN:13,(anonymous_44)
FN:13,(anonymous_45)
FN:13,(anonymous_46)
FN:13,(anonymous_47)
FN:13,(anonymous_48)
FN:13,(anonymous_49)
FN:13,(anonymous_50)
FN:13,(anonymous_51)
FN:15,(anonymous_52)
FN:15,(anonymous_53)
FN:15,(anonymous_54)
FN:15,(anonymous_55)
FN:15,(anonymous_56)
FN:15,(anonymous_57)
FN:15,(anonymous_58)
FN:15,(anonymous_59)
FN:15,(anonymous_60)
FN:17,(anonymous_61)
FN:17,(anonymous_62)
FN:17,(anonymous_63)
FN:19,t
FN:19,(anonymous_65)
FN:19,(anonymous_66)
FN:19,(anonymous_67)
FN:19,(anonymous_68)
FN:19,(anonymous_69)
FN:19,(anonymous_70)
FN:19,(anonymous_71)
FN:19,(anonymous_72)
FN:19,(anonymous_73)
FN:19,(anonymous_74)
FN:19,(anonymous_75)
FN:19,(anonymous_76)
FN:19,(anonymous_77)
FN:19,(anonymous_78)
FN:19,r
FN:19,c
FN:19,(anonymous_81)
FN:19,s
FN:19,(anonymous_83)
FN:19,(anonymous_84)
FN:19,o
FN:19,l
FN:19,(anonymous_87)
FN:19,(anonymous_88)
FN:19,(anonymous_89)
FN:19,(anonymous_90)
FN:19,(anonymous_91)
FN:19,(anonymous_92)
FN:19,(anonymous_93)
FN:19,u
FN:19,n
FN:19,i
FN:19,r
FN:19,c
FN:19,(anonymous_99)
FN:19,(anonymous_100)
FN:19,(anonymous_101)
FN:19,(anonymous_102)
FN:19,s
FN:19,(anonymous_104)
FN:19,(anonymous_105)
FN:19,(anonymous_106)
FN:19,(anonymous_107)
FN:19,(anonymous_108)
FN:19,(anonymous_109)
FN:19,(anonymous_110)
FN:19,(anonymous_111)
FN:19,(anonymous_112)
FN:19,(anonymous_113)
FN:21,(anonymous_114)
FN:21,(anonymous_115)
FN:21,(anonymous_116)
FN:21,(anonymous_117)
FN:23,(anonymous_118)
FN:23,(anonymous_119)
FN:23,(anonymous_120)
FN:23,(anonymous_121)
FN:25,(anonymous_122)
FN:25,(anonymous_123)
FN:25,(anonymous_124)
FN:25,(anonymous_125)
FN:25,(anonymous_126)
FN:25,(anonymous_127)
FN:27,(anonymous_128)
FN:27,(anonymous_129)
FN:27,(anonymous_130)
FN:29,(anonymous_131)
FN:29,(anonymous_132)
FN:29,(anonymous_133)
FN:29,(anonymous_134)
FN:31,(anonymous_135)
FN:31,(anonymous_136)
FN:31,(anonymous_137)
FN:33,(anonymous_138)
FN:33,(anonymous_139)
FN:33,(anonymous_140)
FN:33,(anonymous_141)
FN:33,(anonymous_142)
FN:35,(anonymous_143)
FN:35,(anonymous_144)
FN:35,(anonymous_145)
FN:35,(anonymous_146)
FN:35,(anonymous_147)
FN:35,(anonymous_148)
FN:35,(anonymous_149)
FN:37,(anonymous_150)
FN:37,(anonymous_151)
FN:37,(anonymous_152)
FN:37,(anonymous_153)
FN:37,(anonymous_154)
FN:37,(anonymous_155)
FN:39,(anonymous_156)
FN:39,(anonymous_157)
FN:39,(anonymous_158)
FN:39,(anonymous_159)
FN:39,(anonymous_160)
FN:39,(anonymous_161)
FN:39,(anonymous_162)
FN:39,(anonymous_163)
FN:39,(anonymous_164)
FN:39,(anonymous_165)
FN:39,(anonymous_166)
FN:39,(anonymous_167)
FN:39,(anonymous_168)
FN:39,(anonymous_169)
FN:39,(anonymous_170)
FN:41,(anonymous_171)
FN:41,(anonymous_172)
FN:41,(anonymous_173)
FN:41,(anonymous_174)
FN:41,(anonymous_175)
FN:41,(anonymous_176)
FN:41,(anonymous_177)
FN:41,(anonymous_178)
FN:41,(anonymous_179)
FN:41,(anonymous_180)
FN:41,(anonymous_181)
FN:41,(anonymous_182)
FN:41,(anonymous_183)
FN:41,(anonymous_184)
FN:41,(anonymous_185)
FN:41,n
FN:41,i
FN:41,(anonymous_188)
FN:41,(anonymous_189)
FN:41,s
FN:41,o
FN:41,(anonymous_192)
FN:41,(anonymous_193)
FN:41,(anonymous_194)
FN:41,(anonymous_195)
FN:41,(anonymous_196)
FN:41,(anonymous_197)
FN:41,(anonymous_198)
FN:43,t
FN:43,a
FN:43,(anonymous_201)
FN:43,(anonymous_202)
FN:43,(anonymous_203)
FN:43,(anonymous_204)
FN:43,(anonymous_205)
FN:43,(anonymous_206)
FN:43,(anonymous_207)
FN:43,(anonymous_208)
FN:45,(anonymous_209)
FN:45,(anonymous_210)
FN:45,(anonymous_211)
FN:45,(anonymous_212)
FN:45,(anonymous_213)
FN:45,(anonymous_214)
FN:45,(anonymous_215)
FN:45,(anonymous_216)
FN:45,(anonymous_217)
FN:45,(anonymous_218)
FN:45,(anonymous_219)
FN:45,(anonymous_220)
FN:47,(anonymous_221)
FN:47,(anonymous_222)
FN:47,(anonymous_223)
FN:47,(anonymous_224)
FN:47,(anonymous_225)
FN:47,(anonymous_226)
FN:47,(anonymous_227)
FN:47,(anonymous_228)
FN:47,(anonymous_229)
FN:47,(anonymous_230)
FN:47,(anonymous_231)
FN:47,(anonymous_232)
FN:49,(anonymous_233)
FN:49,(anonymous_234)
FN:49,(anonymous_235)
FN:49,(anonymous_236)
FN:49,(anonymous_237)
FN:49,(anonymous_238)
FN:49,(anonymous_239)
FN:49,(anonymous_240)
FN:49,c
FN:49,s
FN:49,(anonymous_243)
FN:49,(anonymous_244)
FN:49,(anonymous_245)
FN:49,(anonymous_246)
FN:49,(anonymous_247)
FN:49,(anonymous_248)
FN:49,(anonymous_249)
FN:49,(anonymous_250)
FN:51,t
FN:51,(anonymous_252)
FN:51,(anonymous_253)
FN:51,(anonymous_254)
FN:51,(anonymous_255)
FN:51,(anonymous_256)
FN:51,(anonymous_257)
FN:51,(anonymous_258)
FN:51,(anonymous_259)
FN:53,a
FN:53,n
FN:53,i
FN:53,r
FN:53,c
FN:53,(anonymous_265)
FN:53,(anonymous_266)
FN:53,n
FN:53,(anonymous_268)
FN:53,(anonymous_269)
FN:53,(anonymous_270)
FN:53,(anonymous_271)
FN:53,(anonymous_272)
FN:53,(anonymous_273)
FN:53,(anonymous_274)
FN:55,(anonymous_275)
FN:55,(anonymous_276)
FN:55,(anonymous_277)
FN:55,(anonymous_278)
FN:55,(anonymous_279)
FN:55,(anonymous_280)
FN:57,(anonymous_281)
FN:57,(anonymous_282)
FN:57,(anonymous_283)
FN:57,(anonymous_284)
FN:57,(anonymous_285)
FN:57,(anonymous_286)
FN:57,(anonymous_287)
FN:57,(anonymous_288)
FN:63,n
FN:63,i
FN:63,r
FN:63,c
FN:63,s
FN:63,o
FN:63,d
FN:63,u
FN:63,f
FN:63,h
FN:63,m
FN:63,p
FN:63,v
FN:63,(anonymous_302)
FN:63,(anonymous_303)
FN:63,M
FN:63,g
FN:63,L
FN:63,(anonymous_307)
FN:63,(anonymous_308)
FN:63,(anonymous_309)
FN:63,(anonymous_310)
FN:63,(anonymous_311)
FN:63,C
FN:63,a
FN:63,k
FN:63,S
FN:63,T
FN:63,D
FN:63,V
FN:63,(anonymous_319)
FN:63,(anonymous_320)
FN:63,E
FN:63,(anonymous_322)
FN:63,(anonymous_323)
FN:63,P
FN:63,O
FN:63,(anonymous_326)
FN:63,R
FN:63,B
FN:63,U
FN:63,(anonymous_330)
FN:63,(anonymous_331)
FN:63,(anonymous_332)
FN:63,de
FN:63,(anonymous_334)
FN:63,e
FN:63,(anonymous_336)
FN:63,(anonymous_337)
FN:63,(anonymous_338)
FN:63,(anonymous_339)
FN:63,(anonymous_340)
FN:63,(anonymous_341)
FN:63,(anonymous_342)
FN:63,(anonymous_343)
FN:63,_e
FN:63,Me
FN:63,(anonymous_346)
FN:63,(anonymous_347)
FN:63,(anonymous_348)
FN:63,ze
FN:63,be
FN:63,(anonymous_351)
FN:63,(anonymous_352)
FN:63,Ye
FN:63,(anonymous_354)
FN:63,Te
FN:63,De
FN:63,Ve
FN:63,Ne
FN:63,(anonymous_359)
FN:63,(anonymous_360)
FN:63,Ae
FN:63,Ee
FN:63,Pe
FN:63,(anonymous_364)
FN:63,(anonymous_365)
FN:63,je
FN:63,$e
FN:63,(anonymous_368)
FN:63,(anonymous_369)
FN:63,Fe
FN:63,Ie
FN:63,We
FN:63,(anonymous_373)
FN:63,(anonymous_374)
FN:63,(anonymous_375)
FN:63,(anonymous_376)
FN:63,(anonymous_377)
FN:63,(anonymous_378)
FN:63,Be
FN:63,Ge
FN:63,Ue
FN:63,qe
FN:63,s
FN:63,Ze
FN:63,Je
FN:63,Xe
FN:63,Qe
FN:63,et
FN:63,tt
FN:63,at
FN:63,nt
FN:63,(anonymous_392)
FN:63,it
FN:63,rt
FN:63,dt
FN:63,(anonymous_396)
FN:63,(anonymous_397)
FN:63,(anonymous_398)
FN:63,(anonymous_399)
FN:63,pt
FN:63,(anonymous_401)
FN:63,(anonymous_402)
FN:63,_t
FN:63,Mt
FN:63,(anonymous_405)
FN:63,gt
FN:63,a
FN:63,Lt
FN:63,zt
FN:63,o
FN:63,bt
FN:63,wt
FN:63,Ht
FN:63,xt
FN:63,Ct
FN:63,kt
FN:63,Yt
FN:63,St
FN:63,(anonymous_419)
FN:63,Tt
FN:63,Dt
FN:63,Vt
FN:63,Nt
FN:63,At
FN:63,Et
FN:63,(anonymous_426)
FN:63,Pt
FN:63,(anonymous_428)
FN:63,Ot
FN:63,jt
FN:63,$t
FN:63,Ft
FN:63,It
FN:63,Wt
FN:63,(anonymous_435)
FN:63,(anonymous_436)
FN:63,Rt
FN:63,Bt
FN:63,Gt
FN:63,Ut
FN:63,qt
FN:63,Zt
FN:63,Jt
FN:63,Xt
FN:63,Kt
FN:63,Qt
FN:63,(anonymous_447)
FN:63,(anonymous_448)
FN:63,(anonymous_449)
FN:63,(anonymous_450)
FN:63,ea
FN:63,ta
FN:63,aa
FN:63,(anonymous_454)
FN:63,(anonymous_455)
FN:63,(anonymous_456)
FN:63,(anonymous_457)
FN:63,ra
FN:63,ca
FN:63,sa
FN:63,oa
FN:63,(anonymous_462)
FN:63,la
FN:63,fa
FN:63,ha
FN:63,ma
FN:63,pa
FN:63,va
FN:63,(anonymous_469)
FN:63,(anonymous_470)
FN:63,ya
FN:63,(anonymous_472)
FN:63,(anonymous_473)
FN:63,ga
FN:63,La
FN:63,za
FN:63,(anonymous_477)
FN:63,(anonymous_478)
FN:63,(anonymous_479)
FN:63,(anonymous_480)
FN:63,(anonymous_481)
FN:63,(anonymous_482)
FN:63,ba
FN:63,wa
FN:63,Ha
FN:63,xa
FN:63,Ca
FN:63,n
FN:63,ka
FN:63,Ya
FN:63,(anonymous_491)
FN:63,(anonymous_492)
FN:63,n
FN:63,(anonymous_494)
FN:63,(anonymous_495)
FN:63,Ta
FN:63,(anonymous_497)
FN:63,Da
FN:63,Va
FN:63,(anonymous_500)
FN:63,(anonymous_501)
FN:63,(anonymous_502)
FN:63,Na
FN:63,(anonymous_504)
FN:63,(anonymous_505)
FN:63,Aa
FN:63,Ea
FN:63,Pa
FN:63,Oa
FN:63,ja
FN:63,Ga
FN:63,(anonymous_512)
FN:63,Ja
FN:63,(anonymous_514)
FN:63,Xa
FN:63,Ka
FN:63,Qa
FN:63,en
FN:63,(anonymous_519)
FN:63,(anonymous_520)
FN:63,(anonymous_521)
FN:63,(anonymous_522)
FN:63,(anonymous_523)
FN:63,(anonymous_524)
FN:63,(anonymous_525)
FN:63,(anonymous_526)
FN:63,(anonymous_527)
FN:63,rn
FN:63,(anonymous_529)
FN:63,(anonymous_530)
FN:63,cn
FN:63,sn
FN:63,(anonymous_533)
FN:63,on
FN:63,ln
FN:63,un
FN:63,fn
FN:63,hn
FN:63,(anonymous_539)
FN:63,mn
FN:63,(anonymous_541)
FN:63,pn
FN:63,vn
FN:63,_n
FN:63,Mn
FN:63,(anonymous_546)
FN:63,(anonymous_547)
FN:63,(anonymous_548)
FN:63,(anonymous_549)
FN:63,gn
FN:63,(anonymous_551)
FN:63,Ln
FN:63,zn
FN:63,bn
FN:63,wn
FN:63,Hn
FN:63,(anonymous_557)
FN:63,xn
FN:63,(anonymous_559)
FN:63,Cn
FN:63,(anonymous_561)
FN:63,(anonymous_562)
FN:63,(anonymous_563)
FN:63,kn
FN:63,Yn
FN:63,Sn
FN:63,(anonymous_567)
FN:63,(anonymous_568)
FN:63,Tn
FN:63,Dn
FN:63,Vn
FN:63,Nn
FN:63,(anonymous_573)
FN:63,(anonymous_574)
FN:63,(anonymous_575)
FN:63,(anonymous_576)
FN:63,(anonymous_577)
FN:63,(anonymous_578)
FN:63,(anonymous_579)
FN:63,(anonymous_580)
FN:63,(anonymous_581)
FN:63,(anonymous_582)
FN:63,On
FN:63,(anonymous_584)
FN:63,(anonymous_585)
FN:63,(anonymous_586)
FN:63,(anonymous_587)
FN:63,(anonymous_588)
FN:63,(anonymous_589)
FN:63,(anonymous_590)
FN:63,(anonymous_591)
FN:63,(anonymous_592)
FN:63,Jn
FN:63,Xn
FN:63,Kn
FN:63,Qn
FN:63,ei
FN:63,ti
FN:63,ai
FN:63,(anonymous_600)
FN:63,si
FN:63,li
FN:63,ui
FN:63,fi
FN:63,hi
FN:63,mi
FN:63,pi
FN:63,vi
FN:63,_i
FN:63,Mi
FN:63,yi
FN:63,gi
FN:63,Li
FN:63,zi
FN:63,bi
FN:63,(anonymous_616)
FN:63,(anonymous_617)
FN:63,(anonymous_618)
FN:63,xi
FN:63,Yi
FN:63,Si
FN:63,Ti
FN:63,Di
FN:63,d
FN:63,u
FN:63,a
FN:63,f
FN:63,h
FN:63,m
FN:63,p
FN:63,_
FN:63,M
FN:63,y
FN:63,g
FN:63,L
FN:63,z
FN:63,b
FN:63,w
FN:63,H
FN:63,x
FN:63,C
FN:63,k
FN:63,Y
FN:63,S
FN:63,D
FN:63,(anonymous_646)
FN:63,(anonymous_647)
FN:63,Ni
FN:63,Ai
FN:63,(anonymous_650)
FN:63,(anonymous_651)
FN:63,Pi
FN:63,Oi
FN:63,ji
FN:63,Fi
FN:63,Ii
FN:63,Wi
FN:63,(anonymous_658)
FN:63,Bi
FN:63,Ji
FN:63,Xi
FN:63,i
FN:63,Qi
FN:63,(anonymous_664)
FN:63,er
FN:63,tr
FN:63,ir
FN:63,rr
FN:63,cr
FN:63,sr
FN:63,(anonymous_671)
FN:63,(anonymous_672)
FN:63,dr
FN:63,ur
FN:63,fr
FN:63,(anonymous_676)
FN:63,(anonymous_677)
FN:63,yr
FN:63,zr
FN:63,(anonymous_680)
FN:63,br
FN:63,(anonymous_682)
FN:63,wr
FN:63,(anonymous_684)
FN:63,(anonymous_685)
FN:63,Nr
FN:63,(anonymous_687)
FN:63,Ar
FN:63,Er
FN:63,Pr
FN:63,(anonymous_691)
FN:63,(anonymous_692)
FN:63,(anonymous_693)
FN:63,jr
FN:63,$r
FN:63,(anonymous_696)
FN:63,Fr
FN:63,Ir
FN:63,(anonymous_699)
FN:63,(anonymous_700)
FN:63,(anonymous_701)
FN:63,Wr
FN:63,(anonymous_703)
FN:63,b
FN:63,(anonymous_705)
FN:63,Rr
FN:63,Br
FN:63,Gr
FN:63,(anonymous_709)
FN:63,(anonymous_710)
FN:63,(anonymous_711)
FN:63,(anonymous_712)
FN:63,(anonymous_713)
FN:63,(anonymous_714)
FN:63,(anonymous_715)
FN:63,Kr
FN:63,(anonymous_717)
FN:63,Qr
FN:63,ec
FN:63,(anonymous_720)
FN:63,tc
FN:63,ac
FN:63,nc
FN:63,ic
FN:63,rc
FN:63,(anonymous_726)
FN:63,(anonymous_727)
FN:63,(anonymous_728)
FN:63,(anonymous_729)
FN:63,(anonymous_730)
FN:63,(anonymous_731)
FN:63,lc
FN:63,dc
FN:63,uc
FN:63,fc
FN:63,hc
FN:63,(anonymous_737)
FN:63,(anonymous_738)
FN:63,(anonymous_739)
FN:63,(anonymous_740)
FN:63,(anonymous_741)
FN:63,(anonymous_742)
FN:63,(anonymous_743)
FN:63,(anonymous_744)
FN:63,(anonymous_745)
FN:63,(anonymous_746)
FN:63,(anonymous_747)
FN:63,e
FN:63,(anonymous_749)
FN:63,(anonymous_750)
FN:63,yc
FN:63,gc
FN:63,Lc
FN:63,(anonymous_754)
FN:63,(anonymous_755)
FN:63,(anonymous_756)
FN:63,(anonymous_757)
FN:63,(anonymous_758)
FN:65,(anonymous_759)
FN:65,(anonymous_760)
FN:65,(anonymous_761)
FN:65,(anonymous_762)
FN:65,(anonymous_763)
FN:65,(anonymous_764)
FN:65,(anonymous_765)
FN:65,(anonymous_766)
FN:65,(anonymous_767)
FN:65,(anonymous_768)
FN:65,(anonymous_769)
FN:65,(anonymous_770)
FN:65,(anonymous_771)
FN:65,(anonymous_772)
FN:65,(anonymous_773)
FN:65,(anonymous_774)
FN:65,(anonymous_775)
FN:65,(anonymous_776)
FN:65,(anonymous_777)
FN:65,(anonymous_778)
FN:65,(anonymous_779)
FN:65,(anonymous_780)
FN:65,(anonymous_781)
FN:65,(anonymous_782)
FN:65,(anonymous_783)
FN:67,(anonymous_784)
FN:67,(anonymous_785)
FN:73,a
FN:73,(anonymous_787)
FN:73,n
FN:73,r
FN:73,(anonymous_790)
FN:73,(anonymous_791)
FN:73,(anonymous_792)
FN:73,c
FN:73,s
FN:73,(anonymous_795)
FN:73,(anonymous_796)
FN:73,o
FN:73,(anonymous_798)
FN:73,l
FN:73,d
FN:73,u
FN:73,(anonymous_802)
FN:73,(anonymous_803)
FN:73,(anonymous_804)
FN:73,(anonymous_805)
FN:73,(anonymous_806)
FN:73,(anonymous_807)
FN:73,(anonymous_808)
FN:73,(anonymous_809)
FN:73,(anonymous_810)
FN:73,(anonymous_811)
FN:73,(anonymous_812)
FN:73,(anonymous_813)
FN:73,(anonymous_814)
FN:73,p
FN:73,(anonymous_816)
FN:73,(anonymous_817)
FN:73,(anonymous_818)
FN:73,(anonymous_819)
FN:73,(anonymous_820)
FN:73,(anonymous_821)
FN:73,(anonymous_822)
FN:73,(anonymous_823)
FN:73,(anonymous_824)
FN:73,(anonymous_825)
FN:73,(anonymous_826)
FN:73,(anonymous_827)
FN:73,(anonymous_828)
FN:73,y
FN:73,(anonymous_830)
FN:73,g
FN:73,L
FN:73,(anonymous_833)
FN:73,(anonymous_834)
FN:73,(anonymous_835)
FN:73,(anonymous_836)
FN:73,z
FN:73,(anonymous_838)
FN:73,(anonymous_839)
FN:73,(anonymous_840)
FN:73,(anonymous_841)
FN:73,(anonymous_842)
FN:73,b
FN:73,(anonymous_844)
FN:73,(anonymous_845)
FN:73,(anonymous_846)
FN:73,(anonymous_847)
FN:73,(anonymous_848)
FN:73,w
FN:73,(anonymous_850)
FN:73,(anonymous_851)
FN:73,H
FN:73,(anonymous_853)
FN:73,x
FN:73,(anonymous_855)
FN:73,(anonymous_856)
FN:73,C
FN:73,(anonymous_858)
FN:73,k
FN:73,(anonymous_860)
FN:73,(anonymous_861)
FN:73,Y
FN:73,(anonymous_863)
FN:73,S
FN:73,T
FN:73,(anonymous_866)
FN:73,(anonymous_867)
FN:73,(anonymous_868)
FN:73,(anonymous_869)
FN:73,(anonymous_870)
FN:73,(anonymous_871)
FN:73,(anonymous_872)
FN:73,(anonymous_873)
FN:73,(anonymous_874)
FN:73,(anonymous_875)
FN:73,(anonymous_876)
FN:73,(anonymous_877)
FN:73,(anonymous_878)
FN:73,(anonymous_879)
FN:73,(anonymous_880)
FN:73,(anonymous_881)
FN:73,(anonymous_882)
FN:73,(anonymous_883)
FN:73,(anonymous_884)
FN:73,(anonymous_885)
FN:73,(anonymous_886)
FN:73,(anonymous_887)
FN:73,(anonymous_888)
FN:73,(anonymous_889)
FN:73,(anonymous_890)
FN:73,(anonymous_891)
FN:73,(anonymous_892)
FN:73,(anonymous_893)
FN:73,(anonymous_894)
FN:73,(anonymous_895)
FN:73,(anonymous_896)
FN:73,(anonymous_897)
FN:73,(anonymous_898)
FN:73,(anonymous_899)
FN:73,(anonymous_900)
FN:73,(anonymous_901)
FN:73,(anonymous_902)
FN:73,(anonymous_903)
FN:73,(anonymous_904)
FN:73,(anonymous_905)
FN:73,(anonymous_906)
FN:73,(anonymous_907)
FN:73,P
FN:73,(anonymous_909)
FN:73,(anonymous_910)
FN:73,O
FN:73,j
FN:73,(anonymous_913)
FN:73,$
FN:73,F
FN:73,(anonymous_916)
FN:73,(anonymous_917)
FN:73,(anonymous_918)
FN:73,(anonymous_919)
FN:73,(anonymous_920)
FN:73,(anonymous_921)
FN:73,(anonymous_922)
FN:73,(anonymous_923)
FN:73,I
FN:73,W
FN:73,R
FN:73,B
FN:73,G
FN:73,(anonymous_929)
FN:73,i
FN:73,(anonymous_931)
FN:73,(anonymous_932)
FN:73,(anonymous_933)
FN:73,(anonymous_934)
FN:73,(anonymous_935)
FN:73,(anonymous_936)
FN:73,(anonymous_937)
FN:73,(anonymous_938)
FN:73,(anonymous_939)
FN:73,(anonymous_940)
FN:73,(anonymous_941)
FN:73,(anonymous_942)
FN:73,(anonymous_943)
FN:73,(anonymous_944)
FN:75,(anonymous_945)
FN:75,(anonymous_946)
FN:75,(anonymous_947)
FN:75,i
FN:75,(anonymous_949)
FN:75,(anonymous_950)
FN:75,(anonymous_951)
FN:75,(anonymous_952)
FN:75,(anonymous_953)
FN:75,(anonymous_954)
FN:77,(anonymous_955)
FN:77,(anonymous_956)
FN:77,(anonymous_957)
FN:77,(anonymous_958)
FN:79,n
FN:79,(anonymous_960)
FN:79,(anonymous_961)
FN:79,(anonymous_962)
FN:79,(anonymous_963)
FN:79,(anonymous_964)
FN:79,(anonymous_965)
FN:79,(anonymous_966)
FN:79,(anonymous_967)
FN:79,(anonymous_968)
FN:81,(anonymous_969)
FN:81,(anonymous_970)
FN:81,(anonymous_971)
FN:81,(anonymous_972)
FN:81,(anonymous_973)
FN:81,(anonymous_974)
FN:81,(anonymous_975)
FN:81,(anonymous_976)
FN:81,(anonymous_977)
FN:83,(anonymous_978)
FN:83,(anonymous_979)
FN:83,(anonymous_980)
FN:83,(anonymous_981)
FN:83,(anonymous_982)
FN:83,(anonymous_983)
FN:85,(anonymous_984)
FN:85,(anonymous_985)
FN:85,(anonymous_986)
FN:85,(anonymous_987)
FN:85,(anonymous_988)
FN:85,(anonymous_989)
FN:85,(anonymous_990)
FN:85,(anonymous_991)
FN:87,r
FN:87,c
FN:87,(anonymous_994)
FN:87,(anonymous_995)
FN:87,(anonymous_996)
FN:87,(anonymous_997)
FN:87,(anonymous_998)
FN:89,(anonymous_999)
FN:89,(anonymous_1000)
FN:89,(anonymous_1001)
FN:89,(anonymous_1002)
FN:89,(anonymous_1003)
FN:89,(anonymous_1004)
FN:89,(anonymous_1005)
FN:89,(anonymous_1006)
FN:89,(anonymous_1007)
FN:89,(anonymous_1008)
FN:91,(anonymous_1009)
FN:91,(anonymous_1010)
FN:91,(anonymous_1011)
FN:91,(anonymous_1012)
FN:91,(anonymous_1013)
FN:91,(anonymous_1014)
FN:91,(anonymous_1015)
FN:91,(anonymous_1016)
FN:91,(anonymous_1017)
FN:91,(anonymous_1018)
FN:91,(anonymous_1019)
FN:93,(anonymous_1020)
FN:93,(anonymous_1021)
FN:93,(anonymous_1022)
FN:93,(anonymous_1023)
FN:93,(anonymous_1024)
FN:93,(anonymous_1025)
FN:93,(anonymous_1026)
FN:93,(anonymous_1027)
FN:93,(anonymous_1028)
FN:93,(anonymous_1029)
FN:93,(anonymous_1030)
FN:93,(anonymous_1031)
FN:95,t
FN:95,a
FN:95,n
FN:95,i
FN:95,(anonymous_1036)
FN:95,(anonymous_1037)
FN:95,(anonymous_1038)
FN:95,(anonymous_1039)
FN:95,(anonymous_1040)
FN:95,(anonymous_1041)
FN:95,(anonymous_1042)
FN:95,(anonymous_1043)
FN:95,(anonymous_1044)
FN:95,(anonymous_1045)
FN:95,(anonymous_1046)
FN:95,(anonymous_1047)
FN:95,(anonymous_1048)
FN:95,(anonymous_1049)
FN:95,(anonymous_1050)
FN:97,(anonymous_1051)
FN:97,(anonymous_1052)
FN:97,(anonymous_1053)
FN:97,(anonymous_1054)
FN:97,(anonymous_1055)
FN:97,(anonymous_1056)
FN:97,(anonymous_1057)
FN:97,(anonymous_1058)
FN:99,(anonymous_1059)
FN:99,(anonymous_1060)
FN:99,(anonymous_1061)
FN:99,(anonymous_1062)
FN:99,(anonymous_1063)
FN:99,(anonymous_1064)
FN:99,(anonymous_1065)
FN:99,a
FN:99,(anonymous_1067)
FN:99,(anonymous_1068)
FN:99,(anonymous_1069)
FN:99,(anonymous_1070)
FN:99,(anonymous_1071)
FN:99,(anonymous_1072)
FN:99,(anonymous_1073)
FN:99,(anonymous_1074)
FN:99,(anonymous_1075)
FN:99,(anonymous_1076)
FN:99,(anonymous_1077)
FN:99,a
FN:99,(anonymous_1079)
FN:99,(anonymous_1080)
FN:99,(anonymous_1081)
FN:99,(anonymous_1082)
FN:99,(anonymous_1083)
FN:99,(anonymous_1084)
FN:99,(anonymous_1085)
FN:99,(anonymous_1086)
FN:99,(anonymous_1087)
FN:99,(anonymous_1088)
FN:99,(anonymous_1089)
FN:99,(anonymous_1090)
FN:99,(anonymous_1091)
FN:99,(anonymous_1092)
FN:99,(anonymous_1093)
FN:99,(anonymous_1094)
FN:99,(anonymous_1095)
FN:99,(anonymous_1096)
FN:99,(anonymous_1097)
FN:99,(anonymous_1098)
FN:99,(anonymous_1099)
FN:99,(anonymous_1100)
FN:99,(anonymous_1101)
FN:99,(anonymous_1102)
FN:99,(anonymous_1103)
FN:99,f
FN:99,(anonymous_1105)
FN:99,(anonymous_1106)
FN:99,(anonymous_1107)
FN:99,(anonymous_1108)
FN:99,(anonymous_1109)
FN:99,(anonymous_1110)
FN:99,(anonymous_1111)
FN:99,(anonymous_1112)
FN:99,(anonymous_1113)
FN:99,(anonymous_1114)
FN:99,M
FN:99,(anonymous_1116)
FN:99,y
FN:99,(anonymous_1118)
FN:99,(anonymous_1119)
FN:99,(anonymous_1120)
FN:99,(anonymous_1121)
FN:99,(anonymous_1122)
FN:99,(anonymous_1123)
FN:99,(anonymous_1124)
FN:99,(anonymous_1125)
FN:99,(anonymous_1126)
FN:99,(anonymous_1127)
FN:99,(anonymous_1128)
FN:99,(anonymous_1129)
FN:99,(anonymous_1130)
FN:99,(anonymous_1131)
FN:99,(anonymous_1132)
FN:99,(anonymous_1133)
FN:99,(anonymous_1134)
FN:99,(anonymous_1135)
FN:99,(anonymous_1136)
FN:99,(anonymous_1137)
FN:99,(anonymous_1138)
FN:99,(anonymous_1139)
FN:99,(anonymous_1140)
FN:99,(anonymous_1141)
FN:99,(anonymous_1142)
FN:99,(anonymous_1143)
FN:99,(anonymous_1144)
FN:99,(anonymous_1145)
FN:99,(anonymous_1146)
FN:99,(anonymous_1147)
FN:99,(anonymous_1148)
FN:99,(anonymous_1149)
FN:99,(anonymous_1150)
FN:99,(anonymous_1151)
FN:99,(anonymous_1152)
FN:99,(anonymous_1153)
FN:99,(anonymous_1154)
FN:99,(anonymous_1155)
FN:99,(anonymous_1156)
FN:99,(anonymous_1157)
FN:99,(anonymous_1158)
FN:99,(anonymous_1159)
FN:99,(anonymous_1160)
FN:99,(anonymous_1161)
FN:99,(anonymous_1162)
FN:99,(anonymous_1163)
FN:99,(anonymous_1164)
FN:99,(anonymous_1165)
FN:99,(anonymous_1166)
FN:99,(anonymous_1167)
FN:99,(anonymous_1168)
FN:99,(anonymous_1169)
FN:99,(anonymous_1170)
FN:99,(anonymous_1171)
FN:99,(anonymous_1172)
FN:99,(anonymous_1173)
FN:99,(anonymous_1174)
FN:99,(anonymous_1175)
FN:99,(anonymous_1176)
FN:99,(anonymous_1177)
FN:99,(anonymous_1178)
FN:99,(anonymous_1179)
FN:99,(anonymous_1180)
FN:99,(anonymous_1181)
FN:99,(anonymous_1182)
FN:99,(anonymous_1183)
FN:99,(anonymous_1184)
FN:99,(anonymous_1185)
FN:99,(anonymous_1186)
FN:99,(anonymous_1187)
FN:99,(anonymous_1188)
FN:99,(anonymous_1189)
FN:99,(anonymous_1190)
FN:99,(anonymous_1191)
FN:99,(anonymous_1192)
FN:99,(anonymous_1193)
FN:99,(anonymous_1194)
FN:99,(anonymous_1195)
FN:99,(anonymous_1196)
FN:99,(anonymous_1197)
FN:99,(anonymous_1198)
FN:99,(anonymous_1199)
FN:99,(anonymous_1200)
FN:99,(anonymous_1201)
FN:99,(anonymous_1202)
FN:99,(anonymous_1203)
FN:99,(anonymous_1204)
FN:99,(anonymous_1205)
FN:99,(anonymous_1206)
FN:99,o
FN:99,l
FN:99,(anonymous_1209)
FN:99,(anonymous_1210)
FN:99,(anonymous_1211)
FN:99,(anonymous_1212)
FN:99,(anonymous_1213)
FN:99,(anonymous_1214)
FN:99,(anonymous_1215)
FN:101,t
FN:101,(anonymous_1217)
FN:101,(anonymous_1218)
FN:101,(anonymous_1219)
FN:101,(anonymous_1220)
FN:101,(anonymous_1221)
FN:101,(anonymous_1222)
FN:101,(anonymous_1223)
FN:101,(anonymous_1224)
FN:101,(anonymous_1225)
FN:101,(anonymous_1226)
FN:103,(anonymous_1227)
FN:103,(anonymous_1228)
FN:103,(anonymous_1229)
FN:103,(anonymous_1230)
FN:103,(anonymous_1231)
FN:103,(anonymous_1232)
FN:103,(anonymous_1233)
FN:105,(anonymous_1234)
FN:105,(anonymous_1235)
FN:105,(anonymous_1236)
FN:105,(anonymous_1237)
FN:105,s
FN:105,(anonymous_1239)
FN:105,(anonymous_1240)
FN:105,(anonymous_1241)
FN:105,(anonymous_1242)
FN:105,(anonymous_1243)
FN:105,(anonymous_1244)
FN:105,(anonymous_1245)
FN:107,(anonymous_1246)
FN:107,(anonymous_1247)
FN:107,(anonymous_1248)
FN:107,(anonymous_1249)
FN:107,(anonymous_1250)
FN:107,(anonymous_1251)
FN:107,(anonymous_1252)
FN:109,(anonymous_1253)
FN:109,(anonymous_1254)
FN:109,(anonymous_1255)
FN:109,(anonymous_1256)
FN:109,(anonymous_1257)
FN:111,(anonymous_1258)
FN:111,(anonymous_1259)
FN:111,(anonymous_1260)
FN:111,(anonymous_1261)
FN:111,(anonymous_1262)
FN:111,(anonymous_1263)
FN:111,(anonymous_1264)
FN:111,(anonymous_1265)
FN:111,(anonymous_1266)
FN:111,(anonymous_1267)
FN:111,(anonymous_1268)
FN:111,(anonymous_1269)
FN:111,(anonymous_1270)
FN:113,(anonymous_1271)
FN:113,(anonymous_1272)
FN:113,(anonymous_1273)
FN:113,(anonymous_1274)
FN:113,(anonymous_1275)
FN:113,(anonymous_1276)
FN:113,(anonymous_1277)
FN:113,(anonymous_1278)
FN:115,(anonymous_1279)
FN:115,(anonymous_1280)
FN:115,(anonymous_1281)
FN:115,(anonymous_1282)
FN:115,(anonymous_1283)
FN:115,(anonymous_1284)
FN:115,(anonymous_1285)
FN:117,(anonymous_1286)
FN:117,(anonymous_1287)
FN:117,(anonymous_1288)
FN:117,(anonymous_1289)
FN:119,a
FN:119,n
FN:119,(anonymous_1292)
FN:119,(anonymous_1293)
FN:119,(anonymous_1294)
FN:119,(anonymous_1295)
FN:119,(anonymous_1296)
FN:119,(anonymous_1297)
FN:119,(anonymous_1298)
FN:121,(anonymous_1299)
FN:121,(anonymous_1300)
FN:121,(anonymous_1301)
FN:121,(anonymous_1302)
FN:121,(anonymous_1303)
FN:121,(anonymous_1304)
FN:121,(anonymous_1305)
FN:121,(anonymous_1306)
FN:121,(anonymous_1307)
FN:121,(anonymous_1308)
FN:123,(anonymous_1309)
FN:123,(anonymous_1310)
FN:123,(anonymous_1311)
FN:123,(anonymous_1312)
FN:123,(anonymous_1313)
FN:123,(anonymous_1314)
FN:123,(anonymous_1315)
FN:125,(anonymous_1316)
FN:125,(anonymous_1317)
FN:125,(anonymous_1318)
FN:125,(anonymous_1319)
FN:125,(anonymous_1320)
FN:125,(anonymous_1321)
FN:125,(anonymous_1322)
FN:125,(anonymous_1323)
FN:125,(anonymous_1324)
FN:125,(anonymous_1325)
FN:125,(anonymous_1326)
FN:127,(anonymous_1327)
FN:127,(anonymous_1328)
FN:127,(anonymous_1329)
FN:127,(anonymous_1330)
FN:127,(anonymous_1331)
FN:127,(anonymous_1332)
FN:127,(anonymous_1333)
FN:127,(anonymous_1334)
FN:127,(anonymous_1335)
FN:127,(anonymous_1336)
FN:127,(anonymous_1337)
FN:127,(anonymous_1338)
FN:127,(anonymous_1339)
FN:129,(anonymous_1340)
FN:129,(anonymous_1341)
FN:129,(anonymous_1342)
FN:129,(anonymous_1343)
FN:129,(anonymous_1344)
FN:131,(anonymous_1345)
FN:131,(anonymous_1346)
FN:131,(anonymous_1347)
FN:131,(anonymous_1348)
FN:131,(anonymous_1349)
FN:131,(anonymous_1350)
FN:131,(anonymous_1351)
FN:133,(anonymous_1352)
FN:133,(anonymous_1353)
FN:133,(anonymous_1354)
FN:133,(anonymous_1355)
FN:133,(anonymous_1356)
FN:133,(anonymous_1357)
FN:133,(anonymous_1358)
FN:135,t
FN:135,a
FN:135,n
FN:135,i
FN:135,r
FN:135,(anonymous_1364)
FN:135,(anonymous_1365)
FN:135,(anonymous_1366)
FN:135,(anonymous_1367)
FN:135,(anonymous_1368)
FN:135,(anonymous_1369)
FN:137,(anonymous_1370)
FN:137,(anonymous_1371)
FN:137,(anonymous_1372)
FN:139,(anonymous_1373)
FN:139,(anonymous_1374)
FN:139,(anonymous_1375)
FN:139,(anonymous_1376)
FN:139,(anonymous_1377)
FN:139,(anonymous_1378)
FN:139,(anonymous_1379)
FN:139,(anonymous_1380)
FN:139,(anonymous_1381)
FN:139,(anonymous_1382)
FN:139,(anonymous_1383)
FN:139,(anonymous_1384)
FN:139,(anonymous_1385)
FN:139,(anonymous_1386)
FN:139,(anonymous_1387)
FN:141,(anonymous_1388)
FN:141,(anonymous_1389)
FN:141,(anonymous_1390)
FN:143,(anonymous_1391)
FN:143,(anonymous_1392)
FN:143,(anonymous_1393)
FN:143,(anonymous_1394)
FN:145,(anonymous_1395)
FN:145,(anonymous_1396)
FN:145,(anonymous_1397)
FN:145,(anonymous_1398)
FN:147,(anonymous_1399)
FN:147,(anonymous_1400)
FN:147,(anonymous_1401)
FN:147,(anonymous_1402)
FN:147,(anonymous_1403)
FN:147,(anonymous_1404)
FN:147,(anonymous_1405)
FN:147,(anonymous_1406)
FN:147,(anonymous_1407)
FN:147,(anonymous_1408)
FN:147,(anonymous_1409)
FN:149,(anonymous_1410)
FN:149,(anonymous_1411)
FN:149,(anonymous_1412)
FN:149,(anonymous_1413)
FN:149,(anonymous_1414)
FN:151,(anonymous_1415)
FN:151,(anonymous_1416)
FN:151,(anonymous_1417)
FN:151,(anonymous_1418)
FN:153,(anonymous_1419)
FN:153,(anonymous_1420)
FN:153,(anonymous_1421)
FN:153,(anonymous_1422)
FN:153,(anonymous_1423)
FN:160,(anonymous_1424)
FN:160,(anonymous_1425)
FN:160,(anonymous_1426)
FN:160,(anonymous_1427)
FN:160,(anonymous_1428)
FN:174,o
FN:174,(anonymous_1430)
FN:174,(anonymous_1431)
FN:174,(anonymous_1432)
FN:174,(anonymous_1433)
FN:174,(anonymous_1434)
FN:174,(anonymous_1435)
FN:174,m
FN:174,(anonymous_1437)
FN:174,(anonymous_1438)
FN:174,(anonymous_1439)
FN:174,(anonymous_1440)
FN:174,(anonymous_1441)
FN:174,(anonymous_1442)
FN:174,(anonymous_1443)
FN:174,(anonymous_1444)
FN:174,(anonymous_1445)
FN:174,(anonymous_1446)
FN:174,(anonymous_1447)
FN:174,(anonymous_1448)
FN:174,p
FN:174,(anonymous_1450)
FN:174,(anonymous_1451)
FN:174,(anonymous_1452)
FN:174,(anonymous_1453)
FN:174,(anonymous_1454)
FN:174,(anonymous_1455)
FN:174,(anonymous_1456)
FN:174,(anonymous_1457)
FN:174,(anonymous_1458)
FN:174,(anonymous_1459)
FN:174,(anonymous_1460)
FN:174,(anonymous_1461)
FN:174,(anonymous_1462)
FN:174,(anonymous_1463)
FN:174,(anonymous_1464)
FN:174,(anonymous_1465)
FN:174,(anonymous_1466)
FN:174,(anonymous_1467)
FN:174,(anonymous_1468)
FN:174,(anonymous_1469)
FN:174,(anonymous_1470)
FN:174,(anonymous_1471)
FN:174,(anonymous_1472)
FN:174,(anonymous_1473)
FN:174,(anonymous_1474)
FN:174,M
FN:174,(anonymous_1476)
FN:174,(anonymous_1477)
FN:174,(anonymous_1478)
FN:176,(anonymous_1479)
FN:176,(anonymous_1480)
FN:176,(anonymous_1481)
FN:176,(anonymous_1482)
FN:176,(anonymous_1483)
FN:178,(anonymous_1484)
FN:178,(anonymous_1485)
FN:178,n
FN:178,(anonymous_1487)
FN:178,(anonymous_1488)
FN:178,(anonymous_1489)
FN:178,(anonymous_1490)
FN:178,(anonymous_1491)
FN:178,(anonymous_1492)
FN:178,(anonymous_1493)
FN:178,(anonymous_1494)
FN:178,(anonymous_1495)
FN:178,(anonymous_1496)
FN:178,(anonymous_1497)
FN:178,(anonymous_1498)
FN:178,(anonymous_1499)
FN:178,(anonymous_1500)
FN:178,(anonymous_1501)
FN:180,n
FN:180,i
FN:180,(anonymous_1504)
FN:180,(anonymous_1505)
FN:180,(anonymous_1506)
FN:180,(anonymous_1507)
FN:180,(anonymous_1508)
FN:180,(anonymous_1509)
FN:180,(anonymous_1510)
FN:180,(anonymous_1511)
FN:180,(anonymous_1512)
FN:180,(anonymous_1513)
FN:180,(anonymous_1514)
FN:180,(anonymous_1515)
FN:180,(anonymous_1516)
FN:180,(anonymous_1517)
FN:180,(anonymous_1518)
FN:180,(anonymous_1519)
FN:180,(anonymous_1520)
FN:180,(anonymous_1521)
FN:180,(anonymous_1522)
FN:180,(anonymous_1523)
FN:180,(anonymous_1524)
FN:180,(anonymous_1525)
FN:180,(anonymous_1526)
FN:180,(anonymous_1527)
FN:182,(anonymous_1528)
FN:182,(anonymous_1529)
FN:182,(anonymous_1530)
FN:182,(anonymous_1531)
FN:184,t
FN:184,(anonymous_1533)
FN:184,(anonymous_1534)
FN:184,(anonymous_1535)
FN:184,(anonymous_1536)
FN:184,(anonymous_1537)
FN:186,n
FN:186,i
FN:186,(anonymous_1540)
FN:186,(anonymous_1541)
FN:186,(anonymous_1542)
FN:188,(anonymous_1543)
FN:188,(anonymous_1544)
FN:188,(anonymous_1545)
FN:188,(anonymous_1546)
FN:188,(anonymous_1547)
FN:188,(anonymous_1548)
FN:188,(anonymous_1549)
FN:188,(anonymous_1550)
FN:188,(anonymous_1551)
FN:188,(anonymous_1552)
FN:188,(anonymous_1553)
FN:188,(anonymous_1554)
FN:188,(anonymous_1555)
FN:188,(anonymous_1556)
FN:188,(anonymous_1557)
FN:188,(anonymous_1558)
FN:188,(anonymous_1559)
FN:188,(anonymous_1560)
FN:190,(anonymous_1561)
FN:190,(anonymous_1562)
FN:190,(anonymous_1563)
FN:190,(anonymous_1564)
FN:190,(anonymous_1565)
FN:190,(anonymous_1566)
FN:190,(anonymous_1567)
FN:192,(anonymous_1568)
FN:192,(anonymous_1569)
FN:192,(anonymous_1570)
FN:192,(anonymous_1571)
FN:192,(anonymous_1572)
FN:192,(anonymous_1573)
FN:192,(anonymous_1574)
FN:192,(anonymous_1575)
FN:192,t
FN:192,(anonymous_1577)
FN:192,n
FN:192,(anonymous_1579)
FN:192,(anonymous_1580)
FN:192,(anonymous_1581)
FN:192,(anonymous_1582)
FN:192,(anonymous_1583)
FN:192,(anonymous_1584)
FN:192,(anonymous_1585)
FN:192,(anonymous_1586)
FN:192,n
FN:192,i
FN:192,r
FN:192,c
FN:192,s
FN:192,o
FN:192,(anonymous_1593)
FN:192,(anonymous_1594)
FN:192,l
FN:192,d
FN:192,(anonymous_1597)
FN:192,(anonymous_1598)
FN:192,(anonymous_1599)
FN:192,(anonymous_1600)
FN:192,(anonymous_1601)
FN:192,(anonymous_1602)
FN:192,(anonymous_1603)
FN:192,(anonymous_1604)
FN:192,(anonymous_1605)
FN:192,(anonymous_1606)
FN:192,(anonymous_1607)
FN:192,(anonymous_1608)
FN:192,(anonymous_1609)
FN:192,(anonymous_1610)
FN:192,(anonymous_1611)
FN:192,(anonymous_1612)
FN:192,(anonymous_1613)
FN:192,(anonymous_1614)
FN:192,(anonymous_1615)
FN:192,(anonymous_1616)
FN:192,(anonymous_1617)
FN:192,(anonymous_1618)
FN:192,(anonymous_1619)
FN:192,(anonymous_1620)
FN:192,(anonymous_1621)
FN:192,(anonymous_1622)
FN:192,(anonymous_1623)
FN:192,(anonymous_1624)
FN:192,(anonymous_1625)
FN:192,(anonymous_1626)
FN:192,(anonymous_1627)
FN:192,(anonymous_1628)
FN:192,(anonymous_1629)
FN:192,(anonymous_1630)
FN:192,(anonymous_1631)
FN:192,(anonymous_1632)
FN:192,(anonymous_1633)
FN:192,(anonymous_1634)
FN:192,(anonymous_1635)
FN:192,(anonymous_1636)
FN:192,(anonymous_1637)
FN:192,(anonymous_1638)
FN:192,(anonymous_1639)
FN:192,(anonymous_1640)
FN:192,(anonymous_1641)
FN:192,(anonymous_1642)
FN:192,(anonymous_1643)
FN:192,(anonymous_1644)
FN:192,(anonymous_1645)
FN:192,(anonymous_1646)
FN:192,(anonymous_1647)
FN:192,(anonymous_1648)
FN:192,(anonymous_1649)
FN:192,(anonymous_1650)
FN:192,(anonymous_1651)
FN:194,(anonymous_1652)
FN:194,(anonymous_1653)
FN:194,(anonymous_1654)
FN:194,(anonymous_1655)
FN:194,(anonymous_1656)
FN:194,(anonymous_1657)
FN:194,(anonymous_1658)
FN:194,(anonymous_1659)
FN:194,(anonymous_1660)
FN:194,(anonymous_1661)
FN:194,(anonymous_1662)
FN:196,(anonymous_1663)
FN:196,(anonymous_1664)
FN:196,(anonymous_1665)
FN:196,(anonymous_1666)
FN:196,(anonymous_1667)
FN:196,(anonymous_1668)
FN:196,(anonymous_1669)
FN:201,n
FN:201,i
FN:201,(anonymous_1672)
FN:201,(anonymous_1673)
FN:201,l
FN:201,d
FN:201,(anonymous_1676)
FN:201,f
FN:201,(anonymous_1678)
FN:201,h
FN:201,(anonymous_1680)
FN:201,(anonymous_1681)
FN:201,(anonymous_1682)
FN:201,p
FN:201,v
FN:201,M
FN:201,y
FN:201,g
FN:201,L
FN:201,(anonymous_1689)
FN:201,z
FN:201,b
FN:201,w
FN:201,(anonymous_1693)
FN:201,(anonymous_1694)
FN:201,(anonymous_1695)
FN:201,(anonymous_1696)
FN:201,x
FN:201,C
FN:201,k
FN:201,Y
FN:201,S
FN:201,(anonymous_1702)
FN:201,O
FN:201,j
FN:201,$
FN:201,(anonymous_1706)
FN:201,F
FN:201,(anonymous_1708)
FN:201,I
FN:201,(anonymous_1710)
FN:201,W
FN:201,R
FN:201,B
FN:201,G
FN:201,U
FN:201,q
FN:201,Z
FN:201,J
FN:201,X
FN:201,Q
FN:201,ee
FN:201,(anonymous_1722)
FN:201,(anonymous_1723)
FN:201,(anonymous_1724)
FN:201,(anonymous_1725)
FN:201,ce
FN:201,se
FN:201,oe
FN:201,(anonymous_1729)
FN:201,(anonymous_1730)
FN:201,(anonymous_1731)
FN:201,(anonymous_1732)
FN:201,(anonymous_1733)
FN:201,(anonymous_1734)
FN:201,de
FN:201,(anonymous_1736)
FN:201,ue
FN:201,(anonymous_1738)
FN:201,fe
FN:201,he
FN:201,me
FN:201,c
FN:201,s
FN:201,(anonymous_1744)
FN:201,o
FN:201,(anonymous_1746)
FN:201,l
FN:201,(anonymous_1748)
FN:201,(anonymous_1749)
FN:201,d
FN:201,u
FN:201,f
FN:201,pe
FN:201,ve
FN:201,Me
FN:201,ge
FN:201,Le
FN:201,be
FN:201,(anonymous_1759)
FN:201,we
FN:201,(anonymous_1761)
FN:201,(anonymous_1762)
FN:201,(anonymous_1763)
FN:201,He
FN:201,xe
FN:201,Ce
FN:201,ke
FN:201,Ye
FN:201,Se
FN:201,Te
FN:201,De
FN:201,Ne
FN:201,(anonymous_1773)
FN:201,Ee
FN:201,Pe
FN:201,Oe
FN:201,(anonymous_1777)
FN:201,(anonymous_1778)
FN:201,$e
FN:201,Fe
FN:201,Ie
FN:201,We
FN:201,Re
FN:201,Ge
FN:201,(anonymous_1785)
FN:201,Ue
FN:201,qe
FN:201,Ze
FN:201,(anonymous_1789)
FN:201,(anonymous_1790)
FN:201,(anonymous_1791)
FN:201,(anonymous_1792)
FN:201,Je
FN:201,(anonymous_1794)
FN:201,(anonymous_1795)
FN:201,Xe
FN:201,Qe
FN:201,et
FN:201,(anonymous_1799)
FN:201,(anonymous_1800)
FN:201,at
FN:201,nt
FN:201,it
FN:201,(anonymous_1804)
FN:201,(anonymous_1805)
FN:201,rt
FN:201,ct
FN:201,st
FN:201,ot
FN:201,(anonymous_1810)
FN:201,lt
FN:201,(anonymous_1812)
FN:201,dt
FN:201,(anonymous_1814)
FN:201,(anonymous_1815)
FN:201,(anonymous_1816)
FN:201,(anonymous_1817)
FN:201,(anonymous_1818)
FN:201,(anonymous_1819)
FN:201,(anonymous_1820)
FN:201,(anonymous_1821)
FN:201,(anonymous_1822)
FN:201,(anonymous_1823)
FN:201,(anonymous_1824)
FN:201,(anonymous_1825)
FN:201,(anonymous_1826)
FN:201,(anonymous_1827)
FN:201,(anonymous_1828)
FN:201,(anonymous_1829)
FN:201,(anonymous_1830)
FN:201,(anonymous_1831)
FN:201,(anonymous_1832)
FN:201,(anonymous_1833)
FN:201,(anonymous_1834)
FN:201,(anonymous_1835)
FN:201,(anonymous_1836)
FN:201,(anonymous_1837)
FN:201,(anonymous_1838)
FN:201,(anonymous_1839)
FN:201,t
FN:201,(anonymous_1841)
FN:201,(anonymous_1842)
FN:201,(anonymous_1843)
FN:201,(anonymous_1844)
FN:201,(anonymous_1845)
FN:201,(anonymous_1846)
FN:201,(anonymous_1847)
FN:201,(anonymous_1848)
FN:201,(anonymous_1849)
FN:201,(anonymous_1850)
FN:201,(anonymous_1851)
FN:201,ft
FN:201,(anonymous_1853)
FN:201,t
FN:201,(anonymous_1855)
FN:201,(anonymous_1856)
FN:201,(anonymous_1857)
FN:201,(anonymous_1858)
FN:201,(anonymous_1859)
FN:201,(anonymous_1860)
FN:201,(anonymous_1861)
FN:201,(anonymous_1862)
FN:201,(anonymous_1863)
FN:201,(anonymous_1864)
FN:201,(anonymous_1865)
FN:201,mt
FN:201,pt
FN:201,vt
FN:201,_t
FN:201,Mt
FN:201,yt
FN:201,(anonymous_1872)
FN:201,t
FN:201,(anonymous_1874)
FN:201,(anonymous_1875)
FN:201,(anonymous_1876)
FN:201,(anonymous_1877)
FN:201,(anonymous_1878)
FN:201,(anonymous_1879)
FN:201,(anonymous_1880)
FN:201,(anonymous_1881)
FN:201,(anonymous_1882)
FN:201,(anonymous_1883)
FN:201,(anonymous_1884)
FN:201,bt
FN:201,(anonymous_1886)
FN:201,wt
FN:201,(anonymous_1888)
FN:201,(anonymous_1889)
FN:201,(anonymous_1890)
FN:201,(anonymous_1891)
FN:201,(anonymous_1892)
FN:201,(anonymous_1893)
FN:201,(anonymous_1894)
FN:201,(anonymous_1895)
FN:201,(anonymous_1896)
FN:201,(anonymous_1897)
FN:201,(anonymous_1898)
FN:201,(anonymous_1899)
FN:201,(anonymous_1900)
FN:201,(anonymous_1901)
FN:201,(anonymous_1902)
FN:201,(anonymous_1903)
FN:201,(anonymous_1904)
FN:201,(anonymous_1905)
FN:201,(anonymous_1906)
FN:201,(anonymous_1907)
FN:201,(anonymous_1908)
FN:201,(anonymous_1909)
FN:201,(anonymous_1910)
FN:201,(anonymous_1911)
FN:201,(anonymous_1912)
FN:201,(anonymous_1913)
FN:201,(anonymous_1914)
FN:201,(anonymous_1915)
FN:201,(anonymous_1916)
FN:201,(anonymous_1917)
FN:203,t
FN:203,(anonymous_1919)
FN:203,(anonymous_1920)
FN:203,(anonymous_1921)
FN:203,(anonymous_1922)
FN:203,(anonymous_1923)
FN:203,(anonymous_1924)
FN:203,(anonymous_1925)
FN:203,(anonymous_1926)
FN:205,i
FN:205,r
FN:205,(anonymous_1929)
FN:205,(anonymous_1930)
FN:205,(anonymous_1931)
FN:205,(anonymous_1932)
FN:205,(anonymous_1933)
FN:205,(anonymous_1934)
FN:207,(anonymous_1935)
FN:207,(anonymous_1936)
FN:207,(anonymous_1937)
FN:207,(anonymous_1938)
FN:207,(anonymous_1939)
FN:207,(anonymous_1940)
FN:207,(anonymous_1941)
FN:207,i
FN:207,(anonymous_1943)
FN:207,(anonymous_1944)
FN:207,(anonymous_1945)
FN:207,(anonymous_1946)
FN:207,(anonymous_1947)
FN:207,(anonymous_1948)
FN:207,(anonymous_1949)
FN:207,(anonymous_1950)
FN:209,(anonymous_1951)
FN:209,(anonymous_1952)
FN:209,(anonymous_1953)
FN:209,(anonymous_1954)
FN:209,(anonymous_1955)
FN:209,(anonymous_1956)
FN:209,(anonymous_1957)
FN:209,(anonymous_1958)
FN:209,(anonymous_1959)
FN:209,(anonymous_1960)
FN:209,(anonymous_1961)
FN:209,(anonymous_1962)
FN:211,(anonymous_1963)
FN:211,(anonymous_1964)
FN:211,(anonymous_1965)
FN:211,(anonymous_1966)
FN:211,(anonymous_1967)
FN:211,(anonymous_1968)
FN:211,(anonymous_1969)
FN:211,(anonymous_1970)
FN:211,(anonymous_1971)
FN:211,(anonymous_1972)
FN:211,(anonymous_1973)
FN:213,(anonymous_1974)
FN:213,(anonymous_1975)
FN:213,(anonymous_1976)
FN:213,(anonymous_1977)
FN:213,(anonymous_1978)
FN:213,(anonymous_1979)
FN:213,(anonymous_1980)
FN:213,(anonymous_1981)
FN:213,(anonymous_1982)
FN:213,(anonymous_1983)
FN:213,(anonymous_1984)
FN:213,(anonymous_1985)
FN:215,t
FN:215,a
FN:215,(anonymous_1988)
FN:215,(anonymous_1989)
FN:215,(anonymous_1990)
FN:215,(anonymous_1991)
FN:215,(anonymous_1992)
FN:215,(anonymous_1993)
FN:215,(anonymous_1994)
FN:215,(anonymous_1995)
FN:217,t
FN:217,(anonymous_1997)
FN:217,(anonymous_1998)
FN:217,(anonymous_1999)
FN:217,(anonymous_2000)
FN:217,(anonymous_2001)
FN:217,(anonymous_2002)
FN:219,(anonymous_2003)
FN:219,(anonymous_2004)
FN:219,(anonymous_2005)
FN:219,(anonymous_2006)
FN:221,(anonymous_2007)
FN:221,(anonymous_2008)
FN:221,(anonymous_2009)
FN:221,(anonymous_2010)
FN:221,(anonymous_2011)
FN:221,(anonymous_2012)
FN:221,(anonymous_2013)
FN:221,(anonymous_2014)
FN:221,o
FN:221,(anonymous_2016)
FN:221,l
FN:221,d
FN:221,v
FN:221,_
FN:221,M
FN:221,(anonymous_2022)
FN:221,b
FN:221,(anonymous_2024)
FN:221,(anonymous_2025)
FN:221,w
FN:221,a
FN:221,(anonymous_2028)
FN:221,(anonymous_2029)
FN:221,(anonymous_2030)
FN:221,(anonymous_2031)
FN:221,r
FN:221,r
FN:221,(anonymous_2034)
FN:221,H
FN:221,(anonymous_2036)
FN:221,x
FN:221,C
FN:221,k
FN:221,Y
FN:221,S
FN:221,a
FN:221,T
FN:221,(anonymous_2044)
FN:221,(anonymous_2045)
FN:221,(anonymous_2046)
FN:221,(anonymous_2047)
FN:221,(anonymous_2048)
FN:221,(anonymous_2049)
FN:221,(anonymous_2050)
FN:221,(anonymous_2051)
FN:221,(anonymous_2052)
FN:221,a
FN:221,(anonymous_2054)
FN:221,(anonymous_2055)
FN:221,(anonymous_2056)
FN:221,i
FN:221,(anonymous_2058)
FN:221,(anonymous_2059)
FN:221,(anonymous_2060)
FN:221,(anonymous_2061)
FN:221,(anonymous_2062)
FN:221,(anonymous_2063)
FN:221,(anonymous_2064)
FN:221,(anonymous_2065)
FN:223,t
FN:223,(anonymous_2067)
FN:223,(anonymous_2068)
FN:223,(anonymous_2069)
FN:225,(anonymous_2070)
FN:225,(anonymous_2071)
FN:225,(anonymous_2072)
FN:225,(anonymous_2073)
FN:225,(anonymous_2074)
FN:225,(anonymous_2075)
FN:225,(anonymous_2076)
FN:225,(anonymous_2077)
FN:225,(anonymous_2078)
FN:225,(anonymous_2079)
FN:225,(anonymous_2080)
FN:225,(anonymous_2081)
FN:225,(anonymous_2082)
FN:227,(anonymous_2083)
FN:227,(anonymous_2084)
FN:227,(anonymous_2085)
FN:227,(anonymous_2086)
FN:229,(anonymous_2087)
FN:229,(anonymous_2088)
FN:229,(anonymous_2089)
FN:229,(anonymous_2090)
FN:229,(anonymous_2091)
FN:229,(anonymous_2092)
FN:229,(anonymous_2093)
FN:229,(anonymous_2094)
FN:229,(anonymous_2095)
FN:229,(anonymous_2096)
FN:229,(anonymous_2097)
FN:229,(anonymous_2098)
FN:229,(anonymous_2099)
FN:229,(anonymous_2100)
FN:229,(anonymous_2101)
FN:229,(anonymous_2102)
FN:229,(anonymous_2103)
FN:229,(anonymous_2104)
FN:229,(anonymous_2105)
FN:229,(anonymous_2106)
FN:229,(anonymous_2107)
FN:229,(anonymous_2108)
FN:231,(anonymous_2109)
FN:231,(anonymous_2110)
FN:231,(anonymous_2111)
FN:231,(anonymous_2112)
FN:231,(anonymous_2113)
FN:231,(anonymous_2114)
FN:231,(anonymous_2115)
FN:233,t
FN:233,(anonymous_2117)
FN:233,(anonymous_2118)
FN:233,(anonymous_2119)
FN:233,(anonymous_2120)
FN:233,(anonymous_2121)
FN:233,(anonymous_2122)
FN:233,r
FN:233,(anonymous_2124)
FN:233,(anonymous_2125)
FN:233,(anonymous_2126)
FN:233,(anonymous_2127)
FN:233,(anonymous_2128)
FN:233,(anonymous_2129)
FN:233,(anonymous_2130)
FN:233,(anonymous_2131)
FN:233,(anonymous_2132)
FN:233,(anonymous_2133)
FN:233,(anonymous_2134)
FN:233,(anonymous_2135)
FN:233,(anonymous_2136)
FN:233,(anonymous_2137)
FN:233,(anonymous_2138)
FN:233,(anonymous_2139)
FN:233,(anonymous_2140)
FN:233,(anonymous_2141)
FN:233,(anonymous_2142)
FN:233,(anonymous_2143)
FN:233,(anonymous_2144)
FN:233,(anonymous_2145)
FN:233,(anonymous_2146)
FN:233,(anonymous_2147)
FN:233,(anonymous_2148)
FN:233,(anonymous_2149)
FN:233,(anonymous_2150)
FN:233,f
FN:233,(anonymous_2152)
FN:233,(anonymous_2153)
FN:233,(anonymous_2154)
FN:233,h
FN:233,(anonymous_2156)
FN:233,m
FN:233,(anonymous_2158)
FN:233,p
FN:233,(anonymous_2160)
FN:233,_
FN:233,M
FN:233,y
FN:233,(anonymous_2164)
FN:233,(anonymous_2165)
FN:233,g
FN:233,L
FN:233,(anonymous_2168)
FN:233,(anonymous_2169)
FN:233,(anonymous_2170)
FN:233,(anonymous_2171)
FN:233,(anonymous_2172)
FN:233,(anonymous_2173)
FN:233,(anonymous_2174)
FN:233,(anonymous_2175)
FN:235,t
FN:235,a
FN:235,n
FN:235,i
FN:235,(anonymous_2180)
FN:235,(anonymous_2181)
FN:235,(anonymous_2182)
FN:235,(anonymous_2183)
FN:235,(anonymous_2184)
FN:235,(anonymous_2185)
FN:235,(anonymous_2186)
FN:235,(anonymous_2187)
FN:235,(anonymous_2188)
FN:235,(anonymous_2189)
FN:235,(anonymous_2190)
FN:235,(anonymous_2191)
FN:235,(anonymous_2192)
FN:235,(anonymous_2193)
FN:235,(anonymous_2194)
FN:237,(anonymous_2195)
FN:237,(anonymous_2196)
FN:237,(anonymous_2197)
FN:237,(anonymous_2198)
FN:237,(anonymous_2199)
FN:237,(anonymous_2200)
FN:239,t
FN:239,(anonymous_2202)
FN:239,(anonymous_2203)
FN:239,(anonymous_2204)
FN:241,t
FN:241,(anonymous_2206)
FN:241,(anonymous_2207)
FN:241,(anonymous_2208)
FN:241,(anonymous_2209)
FN:241,(anonymous_2210)
FN:241,(anonymous_2211)
FN:241,(anonymous_2212)
FN:241,(anonymous_2213)
FN:241,(anonymous_2214)
FN:241,(anonymous_2215)
FN:241,(anonymous_2216)
FN:241,(anonymous_2217)
FN:243,(anonymous_2218)
FN:243,(anonymous_2219)
FN:243,(anonymous_2220)
FN:245,(anonymous_2221)
FN:245,(anonymous_2222)
FN:245,(anonymous_2223)
FN:245,(anonymous_2224)
FN:245,(anonymous_2225)
FN:245,(anonymous_2226)
FN:245,(anonymous_2227)
FN:245,(anonymous_2228)
FN:245,(anonymous_2229)
FN:245,(anonymous_2230)
FN:245,(anonymous_2231)
FN:245,(anonymous_2232)
FN:247,(anonymous_2233)
FN:247,(anonymous_2234)
FN:247,(anonymous_2235)
FN:247,(anonymous_2236)
FN:247,(anonymous_2237)
FN:247,(anonymous_2238)
FN:247,(anonymous_2239)
FN:247,n
FN:247,i
FN:247,(anonymous_2242)
FN:247,(anonymous_2243)
FN:247,(anonymous_2244)
FN:247,(anonymous_2245)
FN:247,(anonymous_2246)
FN:247,(anonymous_2247)
FN:247,(anonymous_2248)
FN:247,(anonymous_2249)
FN:247,(anonymous_2250)
FN:247,(anonymous_2251)
FN:247,(anonymous_2252)
FN:247,(anonymous_2253)
FN:247,(anonymous_2254)
FN:247,(anonymous_2255)
FN:247,(anonymous_2256)
FN:247,(anonymous_2257)
FN:247,(anonymous_2258)
FN:247,(anonymous_2259)
FN:247,(anonymous_2260)
FN:247,(anonymous_2261)
FN:247,(anonymous_2262)
FN:247,(anonymous_2263)
FN:247,(anonymous_2264)
FN:247,(anonymous_2265)
FN:247,(anonymous_2266)
FN:247,(anonymous_2267)
FN:247,(anonymous_2268)
FN:247,(anonymous_2269)
FN:247,(anonymous_2270)
FN:247,d
FN:247,u
FN:247,f
FN:247,h
FN:247,m
FN:247,p
FN:247,v
FN:247,_
FN:247,M
FN:247,y
FN:247,g
FN:247,L
FN:247,r
FN:247,c
FN:247,z
FN:247,b
FN:247,(anonymous_2287)
FN:247,w
FN:247,i
FN:247,H
FN:247,x
FN:247,C
FN:247,k
FN:247,Y
FN:247,S
FN:247,T
FN:247,D
FN:247,V
FN:247,N
FN:247,A
FN:247,E
FN:247,P
FN:247,O
FN:247,j
FN:247,$
FN:247,F
FN:247,I
FN:247,W
FN:247,R
FN:247,B
FN:247,G
FN:247,U
FN:247,q
FN:247,Z
FN:247,(anonymous_2315)
FN:247,(anonymous_2316)
FN:247,(anonymous_2317)
FN:247,(anonymous_2318)
FN:247,(anonymous_2319)
FN:247,(anonymous_2320)
FN:247,(anonymous_2321)
FN:247,(anonymous_2322)
FN:247,(anonymous_2323)
FN:247,(anonymous_2324)
FN:247,(anonymous_2325)
FN:247,(anonymous_2326)
FN:247,(anonymous_2327)
FN:247,(anonymous_2328)
FN:247,(anonymous_2329)
FN:247,(anonymous_2330)
FN:247,(anonymous_2331)
FN:247,(anonymous_2332)
FN:247,(anonymous_2333)
FN:247,(anonymous_2334)
FN:247,(anonymous_2335)
FN:247,(anonymous_2336)
FN:247,(anonymous_2337)
FN:247,(anonymous_2338)
FN:247,(anonymous_2339)
FN:247,(anonymous_2340)
FN:247,(anonymous_2341)
FN:247,(anonymous_2342)
FN:247,(anonymous_2343)
FN:247,(anonymous_2344)
FN:247,(anonymous_2345)
FN:247,(anonymous_2346)
FN:247,(anonymous_2347)
FN:247,(anonymous_2348)
FN:247,(anonymous_2349)
FN:247,(anonymous_2350)
FN:247,(anonymous_2351)
FN:247,(anonymous_2352)
FN:247,(anonymous_2353)
FN:247,(anonymous_2354)
FN:247,(anonymous_2355)
FN:247,(anonymous_2356)
FN:247,i
FN:247,(anonymous_2358)
FN:247,(anonymous_2359)
FN:247,(anonymous_2360)
FN:247,(anonymous_2361)
FN:247,(anonymous_2362)
FN:247,(anonymous_2363)
FN:247,(anonymous_2364)
FN:247,(anonymous_2365)
FN:247,(anonymous_2366)
FN:247,(anonymous_2367)
FN:247,(anonymous_2368)
FN:247,(anonymous_2369)
FN:247,(anonymous_2370)
FN:247,(anonymous_2371)
FN:247,(anonymous_2372)
FN:247,(anonymous_2373)
FN:247,(anonymous_2374)
FN:247,(anonymous_2375)
FN:247,(anonymous_2376)
FN:247,ae
FN:247,ne
FN:247,h
FN:247,(anonymous_2380)
FN:247,(anonymous_2381)
FN:247,(anonymous_2382)
FN:247,(anonymous_2383)
FN:247,(anonymous_2384)
FN:247,ie
FN:247,re
FN:247,ce
FN:247,se
FN:247,oe
FN:247,le
FN:247,de
FN:247,fe
FN:247,he
FN:247,me
FN:247,pe
FN:247,ve
FN:247,(anonymous_2397)
FN:247,Me
FN:247,ye
FN:247,ge
FN:247,ze
FN:247,(anonymous_2402)
FN:247,be
FN:247,we
FN:247,He
FN:247,d
FN:247,(anonymous_2407)
FN:247,(anonymous_2408)
FN:247,(anonymous_2409)
FN:247,xe
FN:247,Ce
FN:247,ke
FN:247,(anonymous_2413)
FN:247,(anonymous_2414)
FN:247,Se
FN:247,(anonymous_2416)
FN:247,Te
FN:247,De
FN:247,Ne
FN:247,Ae
FN:247,Pe
FN:247,Oe
FN:247,je
FN:247,$e
FN:247,Fe
FN:247,(anonymous_2426)
FN:247,Re
FN:247,Be
FN:247,Ge
FN:247,(anonymous_2430)
FN:247,(anonymous_2431)
FN:247,(anonymous_2432)
FN:247,(anonymous_2433)
FN:247,(anonymous_2434)
FN:247,Ue
FN:247,qe
FN:247,Ze
FN:247,Xe
FN:247,Ke
FN:247,Qe
FN:247,tt
FN:247,(anonymous_2442)
FN:247,at
FN:247,(anonymous_2444)
FN:247,(anonymous_2445)
FN:247,it
FN:247,(anonymous_2447)
FN:247,rt
FN:247,st
FN:247,s
FN:247,ot
FN:247,t
FN:247,dt
FN:247,(anonymous_2454)
FN:247,(anonymous_2455)
FN:247,(anonymous_2456)
FN:247,(anonymous_2457)
FN:247,(anonymous_2458)
FN:247,(anonymous_2459)
FN:247,(anonymous_2460)
FN:247,(anonymous_2461)
FN:247,(anonymous_2462)
FN:247,(anonymous_2463)
FN:247,(anonymous_2464)
FN:247,n
FN:247,(anonymous_2466)
FN:247,(anonymous_2467)
FN:247,(anonymous_2468)
FN:247,(anonymous_2469)
FN:247,(anonymous_2470)
FN:247,(anonymous_2471)
FN:247,(anonymous_2472)
FN:247,(anonymous_2473)
FN:247,(anonymous_2474)
FN:247,(anonymous_2475)
FN:247,(anonymous_2476)
FN:247,e
FN:247,(anonymous_2478)
FN:247,(anonymous_2479)
FN:247,(anonymous_2480)
FN:247,(anonymous_2481)
FN:247,(anonymous_2482)
FN:247,(anonymous_2483)
FN:247,(anonymous_2484)
FN:247,(anonymous_2485)
FN:247,(anonymous_2486)
FN:247,(anonymous_2487)
FN:247,(anonymous_2488)
FN:247,(anonymous_2489)
FN:247,(anonymous_2490)
FN:247,(anonymous_2491)
FN:247,(anonymous_2492)
FN:247,g
FN:247,(anonymous_2494)
FN:247,(anonymous_2495)
FN:247,(anonymous_2496)
FN:247,(anonymous_2497)
FN:247,(anonymous_2498)
FN:247,(anonymous_2499)
FN:247,(anonymous_2500)
FN:247,(anonymous_2501)
FN:247,(anonymous_2502)
FN:247,(anonymous_2503)
FN:247,(anonymous_2504)
FN:247,(anonymous_2505)
FN:247,(anonymous_2506)
FN:247,(anonymous_2507)
FN:247,(anonymous_2508)
FN:247,(anonymous_2509)
FN:247,(anonymous_2510)
FN:247,(anonymous_2511)
FN:247,(anonymous_2512)
FN:247,Ct
FN:247,(anonymous_2514)
FN:247,(anonymous_2515)
FN:247,(anonymous_2516)
FN:247,(anonymous_2517)
FN:247,(anonymous_2518)
FN:247,(anonymous_2519)
FN:247,(anonymous_2520)
FN:247,(anonymous_2521)
FN:247,(anonymous_2522)
FN:247,(anonymous_2523)
FN:247,(anonymous_2524)
FN:247,(anonymous_2525)
FN:247,(anonymous_2526)
FN:247,(anonymous_2527)
FN:247,(anonymous_2528)
FN:247,(anonymous_2529)
FN:247,(anonymous_2530)
FN:247,(anonymous_2531)
FN:247,(anonymous_2532)
FN:247,(anonymous_2533)
FN:247,(anonymous_2534)
FN:247,(anonymous_2535)
FN:247,(anonymous_2536)
FN:247,(anonymous_2537)
FN:247,(anonymous_2538)
FN:247,(anonymous_2539)
FN:247,(anonymous_2540)
FN:247,(anonymous_2541)
FN:247,(anonymous_2542)
FN:247,(anonymous_2543)
FN:247,(anonymous_2544)
FN:247,(anonymous_2545)
FN:247,(anonymous_2546)
FN:247,(anonymous_2547)
FN:247,(anonymous_2548)
FN:247,(anonymous_2549)
FN:247,(anonymous_2550)
FN:247,(anonymous_2551)
FN:247,(anonymous_2552)
FN:247,(anonymous_2553)
FN:247,(anonymous_2554)
FN:247,(anonymous_2555)
FN:247,(anonymous_2556)
FN:247,(anonymous_2557)
FN:247,(anonymous_2558)
FN:247,(anonymous_2559)
FN:247,(anonymous_2560)
FN:247,(anonymous_2561)
FN:247,(anonymous_2562)
FN:247,(anonymous_2563)
FN:247,(anonymous_2564)
FN:247,(anonymous_2565)
FN:247,(anonymous_2566)
FN:247,(anonymous_2567)
FN:247,(anonymous_2568)
FN:247,(anonymous_2569)
FN:247,(anonymous_2570)
FN:247,(anonymous_2571)
FN:247,(anonymous_2572)
FN:247,(anonymous_2573)
FN:247,(anonymous_2574)
FN:247,(anonymous_2575)
FN:247,(anonymous_2576)
FN:247,(anonymous_2577)
FN:247,(anonymous_2578)
FN:247,(anonymous_2579)
FN:247,(anonymous_2580)
FN:247,(anonymous_2581)
FN:247,(anonymous_2582)
FN:247,(anonymous_2583)
FN:247,(anonymous_2584)
FN:247,(anonymous_2585)
FN:247,(anonymous_2586)
FN:247,(anonymous_2587)
FN:247,(anonymous_2588)
FN:247,(anonymous_2589)
FN:247,(anonymous_2590)
FN:247,(anonymous_2591)
FN:247,(anonymous_2592)
FN:247,(anonymous_2593)
FN:247,(anonymous_2594)
FN:247,(anonymous_2595)
FN:247,(anonymous_2596)
FN:247,(anonymous_2597)
FN:247,(anonymous_2598)
FN:247,(anonymous_2599)
FN:247,(anonymous_2600)
FN:247,(anonymous_2601)
FN:247,(anonymous_2602)
FN:247,(anonymous_2603)
FN:247,(anonymous_2604)
FN:247,(anonymous_2605)
FN:247,(anonymous_2606)
FN:247,(anonymous_2607)
FN:247,(anonymous_2608)
FN:247,(anonymous_2609)
FN:247,(anonymous_2610)
FN:247,(anonymous_2611)
FN:247,(anonymous_2612)
FN:247,(anonymous_2613)
FN:247,(anonymous_2614)
FN:247,(anonymous_2615)
FN:247,(anonymous_2616)
FN:247,o
FN:247,l
FN:247,(anonymous_2619)
FN:247,(anonymous_2620)
FN:247,(anonymous_2621)
FN:247,(anonymous_2622)
FN:247,(anonymous_2623)
FN:247,(anonymous_2624)
FN:247,(anonymous_2625)
FN:247,(anonymous_2626)
FN:247,(anonymous_2627)
FN:247,(anonymous_2628)
FN:247,(anonymous_2629)
FN:247,(anonymous_2630)
FN:247,(anonymous_2631)
FN:247,(anonymous_2632)
FN:247,(anonymous_2633)
FN:247,(anonymous_2634)
FN:247,c
FN:247,(anonymous_2636)
FN:247,r
FN:247,(anonymous_2638)
FN:247,(anonymous_2639)
FN:247,(anonymous_2640)
FN:247,(anonymous_2641)
FN:247,(anonymous_2642)
FN:247,(anonymous_2643)
FN:247,(anonymous_2644)
FN:247,(anonymous_2645)
FN:247,(anonymous_2646)
FN:247,(anonymous_2647)
FN:247,(anonymous_2648)
FN:247,(anonymous_2649)
FN:247,(anonymous_2650)
FN:247,(anonymous_2651)
FN:247,(anonymous_2652)
FN:247,(anonymous_2653)
FN:247,(anonymous_2654)
FN:247,(anonymous_2655)
FN:247,(anonymous_2656)
FN:247,(anonymous_2657)
FN:247,(anonymous_2658)
FN:247,(anonymous_2659)
FN:247,(anonymous_2660)
FN:247,(anonymous_2661)
FN:247,(anonymous_2662)
FN:247,(anonymous_2663)
FN:247,(anonymous_2664)
FN:247,(anonymous_2665)
FN:247,(anonymous_2666)
FN:247,(anonymous_2667)
FN:247,(anonymous_2668)
FN:247,(anonymous_2669)
FN:247,(anonymous_2670)
FN:247,(anonymous_2671)
FN:247,(anonymous_2672)
FN:247,(anonymous_2673)
FN:247,(anonymous_2674)
FN:247,(anonymous_2675)
FN:247,(anonymous_2676)
FN:247,(anonymous_2677)
FN:247,(anonymous_2678)
FN:247,(anonymous_2679)
FN:247,(anonymous_2680)
FN:247,(anonymous_2681)
FN:247,(anonymous_2682)
FN:247,(anonymous_2683)
FN:247,(anonymous_2684)
FN:247,(anonymous_2685)
FN:247,(anonymous_2686)
FN:247,(anonymous_2687)
FN:247,(anonymous_2688)
FN:247,(anonymous_2689)
FN:247,(anonymous_2690)
FN:247,(anonymous_2691)
FN:247,(anonymous_2692)
FN:247,(anonymous_2693)
FN:247,(anonymous_2694)
FN:247,(anonymous_2695)
FN:247,(anonymous_2696)
FN:247,(anonymous_2697)
FN:247,(anonymous_2698)
FN:247,(anonymous_2699)
FN:247,(anonymous_2700)
FN:247,(anonymous_2701)
FN:247,(anonymous_2702)
FN:247,(anonymous_2703)
FN:247,(anonymous_2704)
FN:247,(anonymous_2705)
FN:247,(anonymous_2706)
FN:247,(anonymous_2707)
FN:247,(anonymous_2708)
FN:247,(anonymous_2709)
FN:247,(anonymous_2710)
FN:247,(anonymous_2711)
FN:247,(anonymous_2712)
FN:247,(anonymous_2713)
FN:247,(anonymous_2714)
FN:247,(anonymous_2715)
FN:247,(anonymous_2716)
FN:247,(anonymous_2717)
FN:247,(anonymous_2718)
FN:247,(anonymous_2719)
FN:247,(anonymous_2720)
FN:247,(anonymous_2721)
FN:247,(anonymous_2722)
FN:247,(anonymous_2723)
FN:247,(anonymous_2724)
FN:247,(anonymous_2725)
FN:247,(anonymous_2726)
FN:247,(anonymous_2727)
FN:247,(anonymous_2728)
FN:247,(anonymous_2729)
FN:247,(anonymous_2730)
FN:247,(anonymous_2731)
FN:247,(anonymous_2732)
FN:247,(anonymous_2733)
FN:247,(anonymous_2734)
FN:247,(anonymous_2735)
FN:247,(anonymous_2736)
FN:247,(anonymous_2737)
FN:247,(anonymous_2738)
FN:247,(anonymous_2739)
FN:247,(anonymous_2740)
FN:252,(anonymous_2741)
FN:252,(anonymous_2742)
FN:252,(anonymous_2743)
FN:252,(anonymous_2744)
FN:252,(anonymous_2745)
FN:252,(anonymous_2746)
FN:254,(anonymous_2747)
FN:254,(anonymous_2748)
FN:254,(anonymous_2749)
FN:254,(anonymous_2750)
FN:256,(anonymous_2751)
FN:256,(anonymous_2752)
FN:256,(anonymous_2753)
FN:258,a
FN:258,n
FN:258,i
FN:258,r
FN:258,(anonymous_2758)
FN:258,(anonymous_2759)
FN:258,(anonymous_2760)
FN:260,t
FN:260,(anonymous_2762)
FN:260,(anonymous_2763)
FN:260,(anonymous_2764)
FN:260,(anonymous_2765)
FN:260,(anonymous_2766)
FN:260,(anonymous_2767)
FN:265,(anonymous_2768)
FN:265,(anonymous_2769)
FN:265,(anonymous_2770)
FN:267,(anonymous_2771)
FN:267,(anonymous_2772)
FN:272,(anonymous_2773)
FN:272,(anonymous_2774)
FN:272,r
FN:272,c
FN:272,s
FN:272,o
FN:272,l
FN:272,d
FN:272,u
FN:272,f
FN:272,h
FN:272,m
FN:272,p
FN:272,v
FN:272,_
FN:272,M
FN:272,y
FN:272,(anonymous_2790)
FN:272,g
FN:272,(anonymous_2792)
FN:272,b
FN:272,w
FN:272,H
FN:272,x
FN:272,C
FN:272,(anonymous_2798)
FN:272,S
FN:272,T
FN:272,D
FN:272,V
FN:272,N
FN:272,(anonymous_2804)
FN:272,E
FN:272,P
FN:272,I
FN:272,(anonymous_2808)
FN:272,(anonymous_2809)
FN:272,(anonymous_2810)
FN:272,W
FN:272,R
FN:272,(anonymous_2813)
FN:272,B
FN:272,G
FN:272,n
FN:272,q
FN:272,(anonymous_2818)
FN:272,J
FN:272,Q
FN:272,te
FN:272,ae
FN:272,ie
FN:272,re
FN:272,ce
FN:272,oe
FN:272,le
FN:272,(anonymous_2828)
FN:272,de
FN:272,ue
FN:272,fe
FN:272,he
FN:272,(anonymous_2833)
FN:272,me
FN:272,pe
FN:272,ve
FN:272,_e
FN:272,Ee
FN:272,(anonymous_2839)
FN:272,Pe
FN:272,Oe
FN:272,(anonymous_2842)
FN:272,je
FN:272,Fe
FN:272,(anonymous_2845)
FN:272,Ie
FN:272,(anonymous_2847)
FN:272,We
FN:272,et
FN:272,tt
FN:272,(anonymous_2851)
FN:272,(anonymous_2852)
FN:272,(anonymous_2853)
FN:272,(anonymous_2854)
FN:272,(anonymous_2855)
FN:272,(anonymous_2856)
FN:272,(anonymous_2857)
FN:272,(anonymous_2858)
FN:272,st
FN:272,ot
FN:272,lt
FN:272,dt
FN:272,ut
FN:272,ft
FN:272,ht
FN:272,mt
FN:272,pt
FN:272,vt
FN:272,e
FN:272,_t
FN:272,(anonymous_2871)
FN:272,(anonymous_2872)
FN:272,(anonymous_2873)
FN:272,(anonymous_2874)
FN:272,(anonymous_2875)
FN:272,(anonymous_2876)
FN:272,yt
FN:272,gt
FN:272,Lt
FN:272,zt
FN:272,bt
FN:272,wt
FN:272,Ht
FN:272,xt
FN:272,(anonymous_2885)
FN:272,kt
FN:272,Yt
FN:272,St
FN:272,Tt
FN:272,Dt
FN:272,Vt
FN:272,Nt
FN:272,(anonymous_2893)
FN:272,(anonymous_2894)
FN:272,(anonymous_2895)
FN:272,(anonymous_2896)
FN:272,(anonymous_2897)
FN:272,(anonymous_2898)
FN:272,(anonymous_2899)
FN:272,(anonymous_2900)
FN:272,Ft
FN:272,It
FN:272,Wt
FN:272,Rt
FN:272,Bt
FN:272,Gt
FN:272,Ut
FN:272,qt
FN:272,Zt
FN:272,Jt
FN:272,Xt
FN:272,Kt
FN:272,e
FN:272,Qt
FN:272,ea
FN:272,ta
FN:272,(anonymous_2917)
FN:272,aa
FN:272,na
FN:272,(anonymous_2920)
FN:272,(anonymous_2921)
FN:272,(anonymous_2922)
FN:272,(anonymous_2923)
FN:272,(anonymous_2924)
FN:272,(anonymous_2925)
FN:272,(anonymous_2926)
FN:272,(anonymous_2927)
FN:272,(anonymous_2928)
FN:272,(anonymous_2929)
FN:272,(anonymous_2930)
FN:272,ca
FN:272,ua
FN:272,fa
FN:272,ha
FN:272,ma
FN:272,pa
FN:272,va
FN:272,(anonymous_2938)
FN:272,_a
FN:272,Ma
FN:272,ya
FN:272,ga
FN:272,Ya
FN:272,Sa
FN:272,Ta
FN:272,Da
FN:272,Va
FN:272,Na
FN:272,Aa
FN:272,Ea
FN:272,Pa
FN:272,Oa
FN:272,ja
FN:272,$a
FN:272,Fa
FN:272,Ia
FN:272,Wa
FN:272,Ra
FN:272,(anonymous_2959)
FN:272,Ba
FN:272,Ga
FN:272,Ua
FN:272,(anonymous_2963)
FN:272,qa
FN:272,Za
FN:272,(anonymous_2966)
FN:272,(anonymous_2967)
FN:272,(anonymous_2968)
FN:272,(anonymous_2969)
FN:272,(anonymous_2970)
FN:272,Ka
FN:272,Qa
FN:272,en
FN:272,(anonymous_2974)
FN:272,nn
FN:272,rn
FN:272,cn
FN:272,sn
FN:272,on
FN:272,ln
FN:272,dn
FN:272,un
FN:272,(anonymous_2983)
FN:272,(anonymous_2984)
FN:272,hn
FN:272,mn
FN:272,pn
FN:272,vn
FN:272,_n
FN:272,Mn
FN:272,yn
FN:272,gn
FN:272,Ln
FN:272,zn
FN:272,bn
FN:272,wn
FN:272,Hn
FN:272,xn
FN:272,(anonymous_2999)
FN:272,Yn
FN:272,Sn
FN:272,Tn
FN:272,Dn
FN:272,Vn
FN:272,(anonymous_3005)
FN:272,Nn
FN:272,Pn
FN:272,On
FN:272,jn
FN:272,$n
FN:272,(anonymous_3011)
FN:272,Fn
FN:272,In
FN:272,Wn
FN:272,Rn
FN:272,Bn
FN:272,Gn
FN:272,Un
FN:272,qn
FN:272,Zn
FN:272,Jn
FN:272,Xn
FN:272,Kn
FN:272,Qn
FN:272,ei
FN:272,ti
FN:272,ai
FN:272,ni
FN:272,ii
FN:272,ri
FN:272,ci
FN:272,si
FN:272,(anonymous_3033)
FN:272,li
FN:272,mi
FN:272,pi
FN:272,vi
FN:272,_i
FN:272,Mi
FN:272,yi
FN:272,gi
FN:272,Li
FN:272,zi
FN:272,bi
FN:272,wi
FN:272,Hi
FN:272,xi
FN:272,Ci
FN:272,ki
FN:272,Yi
FN:272,Si
FN:272,Ti
FN:272,Di
FN:272,Vi
FN:272,Ni
FN:272,Ai
FN:272,Ei
FN:272,Pi
FN:272,Oi
FN:272,ji
FN:272,$i
FN:272,Fi
FN:272,Ii
FN:272,Wi
FN:272,Ri
FN:272,Bi
FN:272,Gi
FN:272,Ui
FN:272,qi
FN:272,Zi
FN:272,Ji
FN:272,Xi
FN:272,Ki
FN:272,Qi
FN:272,(anonymous_3075)
FN:272,(anonymous_3076)
FN:272,(anonymous_3077)
FN:272,(anonymous_3078)
FN:272,(anonymous_3079)
FN:272,(anonymous_3080)
FN:272,(anonymous_3081)
FN:272,(anonymous_3082)
FN:272,(anonymous_3083)
FN:272,tr
FN:272,(anonymous_3085)
FN:272,(anonymous_3086)
FN:272,(anonymous_3087)
FN:272,(anonymous_3088)
FN:272,(anonymous_3089)
FN:272,(anonymous_3090)
FN:272,(anonymous_3091)
FN:272,(anonymous_3092)
FN:272,(anonymous_3093)
FN:272,cr
FN:272,sr
FN:272,or
FN:272,dr
FN:272,ur
FN:272,fr
FN:272,(anonymous_3100)
FN:272,mr
FN:272,pr
FN:272,vr
FN:272,_r
FN:272,Mr
FN:272,yr
FN:272,gr
FN:272,Lr
FN:272,(anonymous_3109)
FN:272,br
FN:272,wr
FN:272,Hr
FN:272,xr
FN:272,Cr
FN:272,kr
FN:272,Yr
FN:272,Sr
FN:272,Tr
FN:272,Dr
FN:272,Vr
FN:272,(anonymous_3121)
FN:272,Wr
FN:272,Rr
FN:272,Br
FN:272,(anonymous_3125)
FN:272,Qr
FN:272,ac
FN:272,nc
FN:272,ic
FN:272,rc
FN:272,cc
FN:272,oc
FN:272,lc
FN:272,(anonymous_3134)
FN:272,(anonymous_3135)
FN:274,(anonymous_3136)
FN:274,(anonymous_3137)
FN:274,(anonymous_3138)
FN:274,(anonymous_3139)
FN:274,(anonymous_3140)
FN:274,(anonymous_3141)
FN:274,(anonymous_3142)
FN:274,(anonymous_3143)
FN:274,r
FN:274,c
FN:274,s
FN:274,o
FN:274,l
FN:274,d
FN:274,u
FN:274,f
FN:274,h
FN:274,m
FN:274,p
FN:274,v
FN:274,_
FN:274,M
FN:274,y
FN:274,g
FN:274,L
FN:274,z
FN:274,b
FN:274,w
FN:274,t
FN:274,H
FN:274,(anonymous_3166)
FN:274,x
FN:274,(anonymous_3168)
FN:274,(anonymous_3169)
FN:274,(anonymous_3170)
FN:274,(anonymous_3171)
FN:274,(anonymous_3172)
FN:274,(anonymous_3173)
FN:276,(anonymous_3174)
FN:276,(anonymous_3175)
FN:276,(anonymous_3176)
FN:276,(anonymous_3177)
FN:276,(anonymous_3178)
FN:276,(anonymous_3179)
FN:276,(anonymous_3180)
FN:276,(anonymous_3181)
FN:276,(anonymous_3182)
FN:276,(anonymous_3183)
FN:276,(anonymous_3184)
FN:276,(anonymous_3185)
FN:276,(anonymous_3186)
FN:276,(anonymous_3187)
FN:278,(anonymous_3188)
FN:278,(anonymous_3189)
FN:278,(anonymous_3190)
FN:278,(anonymous_3191)
FN:278,(anonymous_3192)
FN:278,(anonymous_3193)
FN:278,(anonymous_3194)
FN:278,(anonymous_3195)
FN:278,(anonymous_3196)
FN:278,(anonymous_3197)
FN:278,(anonymous_3198)
FN:278,(anonymous_3199)
FN:278,o
FN:278,(anonymous_3201)
FN:278,(anonymous_3202)
FN:278,(anonymous_3203)
FN:278,(anonymous_3204)
FN:278,(anonymous_3205)
FN:280,(anonymous_3206)
FN:280,(anonymous_3207)
FN:280,(anonymous_3208)
FN:280,(anonymous_3209)
FN:280,(anonymous_3210)
FN:280,(anonymous_3211)
FN:280,(anonymous_3212)
FN:282,(anonymous_3213)
FN:282,(anonymous_3214)
FN:282,a
FN:282,(anonymous_3216)
FN:282,(anonymous_3217)
FN:282,(anonymous_3218)
FN:284,a
FN:284,n
FN:284,i
FN:284,r
FN:284,(anonymous_3223)
FN:284,(anonymous_3224)
FN:284,(anonymous_3225)
FN:284,(anonymous_3226)
FN:284,(anonymous_3227)
FN:284,(anonymous_3228)
FN:284,(anonymous_3229)
FN:284,(anonymous_3230)
FN:284,(anonymous_3231)
FN:284,(anonymous_3232)
FN:284,(anonymous_3233)
FN:286,(anonymous_3234)
FN:286,(anonymous_3235)
FN:286,(anonymous_3236)
FN:286,(anonymous_3237)
FN:286,(anonymous_3238)
FN:286,(anonymous_3239)
FN:286,(anonymous_3240)
FN:286,(anonymous_3241)
FN:286,(anonymous_3242)
FN:286,(anonymous_3243)
FN:286,(anonymous_3244)
FN:286,(anonymous_3245)
FN:288,(anonymous_3246)
FN:288,(anonymous_3247)
FN:288,(anonymous_3248)
FN:288,(anonymous_3249)
FN:288,(anonymous_3250)
FN:288,(anonymous_3251)
FN:288,(anonymous_3252)
FN:290,(anonymous_3253)
FN:290,(anonymous_3254)
FN:290,(anonymous_3255)
FN:290,(anonymous_3256)
FN:292,(anonymous_3257)
FN:292,(anonymous_3258)
FN:292,(anonymous_3259)
FN:292,(anonymous_3260)
FN:292,(anonymous_3261)
FN:292,(anonymous_3262)
FN:292,(anonymous_3263)
FN:292,(anonymous_3264)
FN:294,(anonymous_3265)
FN:294,(anonymous_3266)
FN:294,(anonymous_3267)
FN:294,(anonymous_3268)
FN:294,(anonymous_3269)
FN:294,(anonymous_3270)
FN:294,(anonymous_3271)
FN:294,(anonymous_3272)
FN:294,(anonymous_3273)
FN:294,(anonymous_3274)
FN:294,(anonymous_3275)
FN:296,(anonymous_3276)
FN:296,(anonymous_3277)
FN:296,(anonymous_3278)
FN:296,(anonymous_3279)
FN:296,(anonymous_3280)
FN:296,(anonymous_3281)
FN:296,(anonymous_3282)
FN:296,(anonymous_3283)
FN:298,(anonymous_3284)
FN:298,(anonymous_3285)
FN:298,(anonymous_3286)
FN:298,(anonymous_3287)
FN:298,(anonymous_3288)
FN:300,(anonymous_3289)
FN:300,(anonymous_3290)
FN:300,(anonymous_3291)
FN:300,(anonymous_3292)
FN:300,(anonymous_3293)
FN:300,(anonymous_3294)
FN:300,(anonymous_3295)
FN:300,(anonymous_3296)
FN:300,(anonymous_3297)
FN:300,(anonymous_3298)
FN:300,a
FN:300,n
FN:300,i
FN:300,(anonymous_3302)
FN:300,(anonymous_3303)
FN:300,(anonymous_3304)
FN:300,(anonymous_3305)
FN:300,(anonymous_3306)
FN:300,(anonymous_3307)
FN:300,(anonymous_3308)
FN:300,(anonymous_3309)
FN:300,n
FN:300,(anonymous_3311)
FN:300,(anonymous_3312)
FN:300,(anonymous_3313)
FN:300,(anonymous_3314)
FN:300,(anonymous_3315)
FN:300,(anonymous_3316)
FN:300,(anonymous_3317)
FN:300,(anonymous_3318)
FN:302,(anonymous_3319)
FN:302,(anonymous_3320)
FN:302,(anonymous_3321)
FN:302,(anonymous_3322)
FN:302,(anonymous_3323)
FN:302,(anonymous_3324)
FN:302,(anonymous_3325)
FN:302,(anonymous_3326)
FN:302,(anonymous_3327)
FN:302,(anonymous_3328)
FN:302,e
FN:302,(anonymous_3330)
FN:302,(anonymous_3331)
FN:302,(anonymous_3332)
FN:304,(anonymous_3333)
FN:304,(anonymous_3334)
FN:304,(anonymous_3335)
FN:304,(anonymous_3336)
FN:304,(anonymous_3337)
FN:304,(anonymous_3338)
FN:304,(anonymous_3339)
FN:304,(anonymous_3340)
FN:304,(anonymous_3341)
FN:304,(anonymous_3342)
FN:304,(anonymous_3343)
FN:304,(anonymous_3344)
FN:304,(anonymous_3345)
FN:304,(anonymous_3346)
FN:304,(anonymous_3347)
FN:304,(anonymous_3348)
FN:304,(anonymous_3349)
FN:304,(anonymous_3350)
FN:304,(anonymous_3351)
FN:304,(anonymous_3352)
FN:304,(anonymous_3353)
FN:304,(anonymous_3354)
FN:304,(anonymous_3355)
FN:304,(anonymous_3356)
FN:304,(anonymous_3357)
FN:304,(anonymous_3358)
FN:304,(anonymous_3359)
FN:304,(anonymous_3360)
FN:304,(anonymous_3361)
FN:304,(anonymous_3362)
FN:304,(anonymous_3363)
FN:304,(anonymous_3364)
FN:304,(anonymous_3365)
FN:304,(anonymous_3366)
FN:304,(anonymous_3367)
FN:304,(anonymous_3368)
FN:304,(anonymous_3369)
FN:304,(anonymous_3370)
FN:304,(anonymous_3371)
FN:304,(anonymous_3372)
FN:304,(anonymous_3373)
FN:304,(anonymous_3374)
FN:304,(anonymous_3375)
FN:304,(anonymous_3376)
FN:304,(anonymous_3377)
FN:304,(anonymous_3378)
FN:304,(anonymous_3379)
FN:304,(anonymous_3380)
FN:304,(anonymous_3381)
FN:304,(anonymous_3382)
FN:304,(anonymous_3383)
FN:304,(anonymous_3384)
FN:304,(anonymous_3385)
FN:304,(anonymous_3386)
FN:306,(anonymous_3387)
FN:306,(anonymous_3388)
FN:306,(anonymous_3389)
FN:306,(anonymous_3390)
FN:306,(anonymous_3391)
FN:306,(anonymous_3392)
FN:306,(anonymous_3393)
FN:306,(anonymous_3394)
FN:306,(anonymous_3395)
FN:306,(anonymous_3396)
FN:306,(anonymous_3397)
FN:306,(anonymous_3398)
FN:306,(anonymous_3399)
FN:306,(anonymous_3400)
FN:306,(anonymous_3401)
FN:308,(anonymous_3402)
FN:308,(anonymous_3403)
FN:308,(anonymous_3404)
FN:308,(anonymous_3405)
FN:308,(anonymous_3406)
FN:310,t
FN:310,(anonymous_3408)
FN:310,(anonymous_3409)
FN:310,(anonymous_3410)
FN:312,(anonymous_3411)
FN:312,(anonymous_3412)
FN:312,(anonymous_3413)
FN:317,n
FN:317,(anonymous_3415)
FN:317,(anonymous_3416)
FN:317,i
FN:317,r
FN:317,c
FN:317,s
FN:317,o
FN:317,(anonymous_3422)
FN:317,(anonymous_3423)
FN:317,l
FN:317,d
FN:317,u
FN:317,f
FN:317,h
FN:317,m
FN:317,p
FN:317,v
FN:317,(anonymous_3432)
FN:317,(anonymous_3433)
FN:317,(anonymous_3434)
FN:317,(anonymous_3435)
FN:317,(anonymous_3436)
FN:317,(anonymous_3437)
FN:317,(anonymous_3438)
FN:317,(anonymous_3439)
FN:317,(anonymous_3440)
FN:317,O
FN:317,j
FN:317,(anonymous_3443)
FN:317,e
FN:317,(anonymous_3445)
FN:317,(anonymous_3446)
FN:317,ie
FN:317,re
FN:317,ce
FN:317,a
FN:317,n
FN:317,se
FN:317,oe
FN:317,(anonymous_3454)
FN:317,(anonymous_3455)
FN:317,le
FN:317,de
FN:317,ue
FN:317,fe
FN:317,he
FN:317,me
FN:317,pe
FN:317,ve
FN:317,(anonymous_3464)
FN:317,(anonymous_3465)
FN:317,(anonymous_3466)
FN:317,(anonymous_3467)
FN:317,r
FN:317,(anonymous_3469)
FN:317,(anonymous_3470)
FN:317,(anonymous_3471)
FN:317,(anonymous_3472)
FN:317,(anonymous_3473)
FN:317,(anonymous_3474)
FN:317,(anonymous_3475)
FN:317,ye
FN:317,Le
FN:317,ze
FN:317,be
FN:317,(anonymous_3480)
FN:317,we
FN:317,(anonymous_3482)
FN:317,He
FN:317,xe
FN:317,Ce
FN:317,Ye
FN:317,Se
FN:317,Te
FN:317,De
FN:317,Ve
FN:317,Ne
FN:317,Ae
FN:317,(anonymous_3493)
FN:317,(anonymous_3494)
FN:317,Ee
FN:317,(anonymous_3496)
FN:317,(anonymous_3497)
FN:317,(anonymous_3498)
FN:317,(anonymous_3499)
FN:317,$e
FN:317,(anonymous_3501)
FN:317,(anonymous_3502)
FN:317,(anonymous_3503)
FN:317,(anonymous_3504)
FN:317,(anonymous_3505)
FN:317,(anonymous_3506)
FN:317,(anonymous_3507)
FN:317,(anonymous_3508)
FN:317,Re
FN:317,Be
FN:317,(anonymous_3511)
FN:317,(anonymous_3512)
FN:317,Ue
FN:317,Xe
FN:317,Qe
FN:317,(anonymous_3516)
FN:317,e
FN:317,(anonymous_3518)
FN:317,(anonymous_3519)
FN:317,(anonymous_3520)
FN:317,(anonymous_3521)
FN:317,(anonymous_3522)
FN:317,tt
FN:317,at
FN:317,(anonymous_3525)
FN:317,(anonymous_3526)
FN:317,(anonymous_3527)
FN:317,nt
FN:317,it
FN:317,(anonymous_3530)
FN:317,(anonymous_3531)
FN:317,(anonymous_3532)
FN:317,(anonymous_3533)
FN:317,(anonymous_3534)
FN:317,(anonymous_3535)
FN:317,(anonymous_3536)
FN:317,(anonymous_3537)
FN:317,(anonymous_3538)
FN:319,(anonymous_3539)
FN:319,(anonymous_3540)
FN:319,(anonymous_3541)
FN:319,(anonymous_3542)
FN:319,(anonymous_3543)
FN:319,(anonymous_3544)
FN:319,(anonymous_3545)
FN:319,(anonymous_3546)
FN:319,(anonymous_3547)
FN:319,(anonymous_3548)
FN:321,(anonymous_3549)
FN:321,(anonymous_3550)
FN:321,(anonymous_3551)
FN:321,(anonymous_3552)
FN:323,(anonymous_3553)
FN:323,(anonymous_3554)
FN:323,(anonymous_3555)
FN:323,(anonymous_3556)
FN:323,(anonymous_3557)
FN:323,(anonymous_3558)
FN:323,(anonymous_3559)
FN:323,(anonymous_3560)
FN:323,(anonymous_3561)
FN:323,(anonymous_3562)
FN:323,(anonymous_3563)
FN:323,(anonymous_3564)
FN:323,(anonymous_3565)
FN:325,(anonymous_3566)
FN:325,(anonymous_3567)
FN:325,i
FN:325,(anonymous_3569)
FN:325,(anonymous_3570)
FN:325,(anonymous_3571)
FN:325,(anonymous_3572)
FN:325,(anonymous_3573)
FN:325,(anonymous_3574)
FN:325,(anonymous_3575)
FN:325,(anonymous_3576)
FN:325,(anonymous_3577)
FN:327,(anonymous_3578)
FN:327,(anonymous_3579)
FN:327,(anonymous_3580)
FN:327,(anonymous_3581)
FN:327,(anonymous_3582)
FN:327,(anonymous_3583)
FN:327,(anonymous_3584)
FN:327,(anonymous_3585)
FN:327,(anonymous_3586)
FN:329,(anonymous_3587)
FN:329,(anonymous_3588)
FN:329,(anonymous_3589)
FN:329,(anonymous_3590)
FN:329,(anonymous_3591)
FN:329,(anonymous_3592)
FNF:3593
FNH:0
FNDA:0,(anonymous_0)
FNDA:0,(anonymous_1)
FNDA:0,(anonymous_2)
FNDA:0,(anonymous_3)
FNDA:0,(anonymous_4)
FNDA:0,(anonymous_5)
FNDA:0,(anonymous_6)
FNDA:0,(anonymous_7)
FNDA:0,(anonymous_8)
FNDA:0,(anonymous_9)
FNDA:0,(anonymous_10)
FNDA:0,(anonymous_11)
FNDA:0,(anonymous_12)
FNDA:0,(anonymous_13)
FNDA:0,(anonymous_14)
FNDA:0,(anonymous_15)
FNDA:0,(anonymous_16)
FNDA:0,(anonymous_17)
FNDA:0,(anonymous_18)
FNDA:0,(anonymous_19)
FNDA:0,(anonymous_20)
FNDA:0,(anonymous_21)
FNDA:0,(anonymous_22)
FNDA:0,t
FNDA:0,a
FNDA:0,(anonymous_25)
FNDA:0,(anonymous_26)
FNDA:0,(anonymous_27)
FNDA:0,(anonymous_28)
FNDA:0,(anonymous_29)
FNDA:0,(anonymous_30)
FNDA:0,(anonymous_31)
FNDA:0,(anonymous_32)
FNDA:0,(anonymous_33)
FNDA:0,(anonymous_34)
FNDA:0,(anonymous_35)
FNDA:0,(anonymous_36)
FNDA:0,(anonymous_37)
FNDA:0,(anonymous_38)
FNDA:0,(anonymous_39)
FNDA:0,o
FNDA:0,(anonymous_41)
FNDA:0,(anonymous_42)
FNDA:0,(anonymous_43)
FNDA:0,(anonymous_44)
FNDA:0,(anonymous_45)
FNDA:0,(anonymous_46)
FNDA:0,(anonymous_47)
FNDA:0,(anonymous_48)
FNDA:0,(anonymous_49)
FNDA:0,(anonymous_50)
FNDA:0,(anonymous_51)
FNDA:0,(anonymous_52)
FNDA:0,(anonymous_53)
FNDA:0,(anonymous_54)
FNDA:0,(anonymous_55)
FNDA:0,(anonymous_56)
FNDA:0,(anonymous_57)
FNDA:0,(anonymous_58)
FNDA:0,(anonymous_59)
FNDA:0,(anonymous_60)
FNDA:0,(anonymous_61)
FNDA:0,(anonymous_62)
FNDA:0,(anonymous_63)
FNDA:0,t
FNDA:0,(anonymous_65)
FNDA:0,(anonymous_66)
FNDA:0,(anonymous_67)
FNDA:0,(anonymous_68)
FNDA:0,(anonymous_69)
FNDA:0,(anonymous_70)
FNDA:0,(anonymous_71)
FNDA:0,(anonymous_72)
FNDA:0,(anonymous_73)
FNDA:0,(anonymous_74)
FNDA:0,(anonymous_75)
FNDA:0,(anonymous_76)
FNDA:0,(anonymous_77)
FNDA:0,(anonymous_78)
FNDA:0,r
FNDA:0,c
FNDA:0,(anonymous_81)
FNDA:0,s
FNDA:0,(anonymous_83)
FNDA:0,(anonymous_84)
FNDA:0,o
FNDA:0,l
FNDA:0,(anonymous_87)
FNDA:0,(anonymous_88)
FNDA:0,(anonymous_89)
FNDA:0,(anonymous_90)
FNDA:0,(anonymous_91)
FNDA:0,(anonymous_92)
FNDA:0,(anonymous_93)
FNDA:0,u
FNDA:0,n
FNDA:0,i
FNDA:0,r
FNDA:0,c
FNDA:0,(anonymous_99)
FNDA:0,(anonymous_100)
FNDA:0,(anonymous_101)
FNDA:0,(anonymous_102)
FNDA:0,s
FNDA:0,(anonymous_104)
FNDA:0,(anonymous_105)
FNDA:0,(anonymous_106)
FNDA:0,(anonymous_107)
FNDA:0,(anonymous_108)
FNDA:0,(anonymous_109)
FNDA:0,(anonymous_110)
FNDA:0,(anonymous_111)
FNDA:0,(anonymous_112)
FNDA:0,(anonymous_113)
FNDA:0,(anonymous_114)
FNDA:0,(anonymous_115)
FNDA:0,(anonymous_116)
FNDA:0,(anonymous_117)
FNDA:0,(anonymous_118)
FNDA:0,(anonymous_119)
FNDA:0,(anonymous_120)
FNDA:0,(anonymous_121)
FNDA:0,(anonymous_122)
FNDA:0,(anonymous_123)
FNDA:0,(anonymous_124)
FNDA:0,(anonymous_125)
[...]
FNF:0
FNH:0
DA:8,0
DA:13,0
LF:2
LH:0
BRF:0
BRH:0
end_of_record
TN:
SF:dist/js/webpack:/src/components/questions/QuestionUser.vue?0a25
FNF:0
FNH:0
DA:1,0
LF:1
LH:0
BRF:0
BRH:0
end_of_record
TN:
SF:dist/js/webpack:/src/components/questions/QuestionUser.vue?1f42
FN:1,(anonymous_80)
FN:2,(anonymous_81)
FNF:2
FNH:0
FNDA:0,(anonymous_80)
FNDA:0,(anonymous_81)
DA:1,0
DA:2,0
LF:2
LH:0
BRDA:1,0,0,0
BRDA:1,0,1,0
BRDA:2,1,0,0
BRDA:2,1,1,0
BRF:4
BRH:0
end_of_record
TN:
SF:dist/js/webpack:/src/components/questions/QuestionUsersSpecialty.vue
FN:156,(anonymous_67)
FN:161,(anonymous_68)
FN:149,(anonymous_69)
FN:170,(anonymous_70)
FN:176,(anonymous_71)
FN:185,(anonymous_72)
FN:191,(anonymous_73)
FN:198,(anonymous_74)
FNF:8
FNH:0
FNDA:0,(anonymous_67)
FNDA:0,(anonymous_68)
FNDA:0,(anonymous_69)
FNDA:0,(anonymous_70)
FNDA:0,(anonymous_71)
FNDA:0,(anonymous_72)
FNDA:0,(anonymous_73)
FNDA:0,(anonymous_74)
DA:8,0
DA:149,0
DA:158,0
DA:162,0
DA:169,0
DA:170,0
DA:171,0
DA:183,0
DA:186,0
DA:192,0
DA:193,0
DA:194,0
DA:196,0
DA:199,0
LF:14
LH:0
BRDA:179,0,0,0
BRDA:179,0,1,0
BRF:2
BRH:0
end_of_record
TN:
SF:dist/js/webpack:/src/components/questions/QuestionUsersSpecialty.vue?5027
FN:1,(anonymous_53)
FN:1,(anonymous_54)
FN:5,(anonymous_55)
FN:5,(anonymous_56)
FN:5,(anonymous_57)
FNF:5
FNH:0
FNDA:0,(anonymous_53)
FNDA:0,(anonymous_54)
FNDA:0,(anonymous_55)
FNDA:0,(anonymous_56)
FNDA:0,(anonymous_57)
DA:1,0
DA:5,0
LF:2
LH:0
BRDA:1,0,0,0
BRDA:1,0,1,0
BRDA:5,1,0,0
BRDA:5,1,1,0
BRDA:5,2,0,0
BRDA:5,2,1,0
BRDA:5,3,0,0
BRDA:5,3,1,0
BRF:8
BRH:0
end_of_record
TN:
SF:dist/js/webpack:/src/components/questions/QuestionUsersSpecialty.vue?6552
FNF:0
FNH:0
DA:1,0
LF:1
LH:0
BRF:0
BRH:0
end_of_record
TN:
SF:dist/js/webpack:/src/views/Login.vue
FN:97,(anonymous_187)
FN:105,(anonymous_188)
FNF:2
FNH:0
FNDA:0,(anonymous_187)
FNDA:0,(anonymous_188)
DA:8,0
DA:97,0
DA:99,0
DA:107,0
DA:113,0
LF:5
LH:0
BRF:0
BRH:0
end_of_record
TN:
SF:dist/js/webpack:/src/views/Login.vue?5da6
FNF:0
FNH:0
DA:1,0
LF:1
LH:0
BRF:0
BRH:0
end_of_record
TN:
SF:dist/js/webpack:/src/views/Login.vue?bd74
FN:1,(anonymous_182)
FN:1,(anonymous_183)
FN:1,(anonymous_184)
FN:1,(anonymous_185)
FN:1,(anonymous_186)
FNF:5
FNH:0
FNDA:0,(anonymous_182)
FNDA:0,(anonymous_183)
FNDA:0,(anonymous_184)
FNDA:0,(anonymous_185)
FNDA:0,(anonymous_186)
DA:1,0
DA:2,0
LF:2
LH:0
BRDA:1,0,0,0
BRDA:1,0,1,0
BRDA:1,1,0,0
BRDA:1,1,1,0
BRDA:1,2,0,0
BRDA:1,2,1,0
BRF:6
BRH:0
end_of_record
TN:
SF:dist/js/webpack:/src/views/Register.vue
FN:131,(anonymous_198)
FN:141,(anonymous_199)
FN:150,(anonymous_200)
FN:153,(anonymous_201)
FN:158,(anonymous_202)
FNF:5
FNH:0
FNDA:0,(anonymous_198)
FNDA:0,(anonymous_199)
FNDA:0,(anonymous_200)
FNDA:0,(anonymous_201)
FNDA:0,(anonymous_202)
DA:8,0
DA:129,0
DA:131,0
DA:133,0
DA:142,0
DA:143,0
DA:151,0
DA:154,0
DA:159,0
LF:9
LH:0
BRF:0
BRH:0
end_of_record
TN:
SF:dist/js/webpack:/src/views/Register.vue?382a
FNF:0
FNH:0
DA:1,0
LF:1
LH:0
BRF:0
BRH:0
end_of_record
TN:
SF:dist/js/webpack:/src/views/Register.vue?888f
FN:1,(anonymous_190)
FN:1,(anonymous_191)
FN:1,(anonymous_192)
FN:1,(anonymous_193)
FN:1,(anonymous_194)
FN:1,(anonymous_195)
FN:1,(anonymous_196)
FN:2,(anonymous_197)
FNF:8
FNH:0
FNDA:0,(anonymous_190)
FNDA:0,(anonymous_191)
FNDA:0,(anonymous_192)
FNDA:0,(anonymous_193)
FNDA:0,(anonymous_194)
FNDA:0,(anonymous_195)
FNDA:0,(anonymous_196)
FNDA:0,(anonymous_197)
DA:1,0
DA:2,0
LF:2
LH:0
BRDA:1,0,0,0
BRDA:1,0,1,0
BRDA:1,1,0,0
BRDA:1,1,1,0
BRDA:1,2,0,0
BRDA:1,2,1,0
BRDA:1,3,0,0
BRDA:1,3,1,0
BRDA:1,4,0,0
BRDA:1,4,1,0
BRDA:1,5,0,0
BRDA:1,5,1,0
BRDA:2,6,0,0
BRDA:2,6,1,0
BRF:14
BRH:0
end_of_record
TN:
SF:dist/js/webpack:/webpack/bootstrap
FN:2,(anonymous_0)
FN:2,e
FN:34,n
FN:65,o
FN:96,(anonymous_4)
FN:103,(anonymous_5)
FN:115,(anonymous_6)
FN:122,(anonymous_7)
FN:127,(anonymous_8)
FN:129,(anonymous_9)
FN:130,(anonymous_10)
FN:136,(anonymous_11)
FNF:12
FNH:0
FNDA:0,(anonymous_0)
FNDA:0,e
FNDA:0,n
FNDA:0,o
FNDA:0,(anonymous_4)
FNDA:0,(anonymous_5)
FNDA:0,(anonymous_6)
FNDA:0,(anonymous_7)
FNDA:0,(anonymous_8)
FNDA:0,(anonymous_9)
FNDA:0,(anonymous_10)
FNDA:0,(anonymous_11)
DA:3,0
DA:4,0
DA:5,0
DA:9,0
DA:10,0
DA:11,0
DA:17,0
DA:18,0
DA:22,0
DA:24,0
DA:25,0
DA:32,0
DA:36,0
DA:37,0
DA:38,0
DA:39,0
DA:40,0
DA:41,0
DA:43,0
DA:49,0
DA:53,0
DA:58,0
DA:62,0
DA:68,0
DA:69,0
DA:72,0
DA:85,0
DA:90,0
DA:97,0
DA:104,0
DA:117,0
DA:118,0
DA:119,0
DA:122,0
DA:123,0
DA:128,0
DA:129,0
DA:130,0
DA:132,0
DA:136,0
DA:141,0
DA:142,0
DA:143,0
DA:145,0
DA:146,0
DA:150,0
LF:46
LH:0
BRDA:12,0,0,0
BRDA:12,0,1,0
BRDA:12,0,2,0
BRDA:18,1,0,0
BRDA:18,1,1,0
BRDA:22,2,0,0
BRDA:22,2,1,0
BRDA:29,3,0,0
BRDA:29,3,1,0
BRDA:41,4,0,0
BRDA:41,4,1,0
BRDA:43,5,0,0
BRDA:43,5,1,0
BRDA:68,6,0,0
BRDA:68,6,1,0
BRDA:97,7,0,0
BRDA:97,7,1,0
BRDA:104,8,0,0
BRDA:104,8,1,0
BRDA:104,8,2,0
BRDA:117,9,0,0
BRDA:117,9,1,0
BRDA:116,10,0,0
BRDA:116,10,1,0
BRDA:118,11,0,0
BRDA:118,11,1,0
BRDA:118,12,0,0
BRDA:118,12,1,0
BRDA:118,12,2,0
BRDA:118,12,3,0
BRDA:122,13,0,0
BRDA:122,13,1,0
BRDA:122,14,0,0
BRDA:122,14,1,0
BRDA:129,15,0,0
BRDA:129,15,1,0
BRDA:128,16,0,0
BRDA:128,16,1,0
BRDA:141,17,0,0
BRDA:141,17,1,0
BRF:40
BRH:0
end_of_record
TN:
SF:src/App.vue
FNF:0
FNH:0
DA:10,0
LF:1
LH:0
BRF:0
BRH:0
end_of_record
TN:
SF:src/Chart.vue
FN:9,(anonymous_1)
FN:61,(anonymous_2)
FN:62,(anonymous_3)
FN:70,(anonymous_4)
FNF:4
FNH:0
FNDA:0,(anonymous_1)
FNDA:0,(anonymous_2)
FNDA:0,(anonymous_3)
FNDA:0,(anonymous_4)
DA:2,1
DA:3,1
DA:10,0
DA:62,0
DA:65,0
DA:67,0
DA:68,0
DA:70,0
DA:73,0
DA:74,0
DA:75,0
DA:77,0
DA:78,0
LF:13
LH:2
BRF:0
BRH:0
end_of_record
TN:
SF:src/main.js
FN:31,(anonymous_0)
FN:35,(anonymous_1)
FN:44,(anonymous_2)
FNF:3
FNH:0
FNDA:0,(anonymous_0)
FNDA:0,(anonymous_1)
FNDA:0,(anonymous_2)
DA:16,0
DA:17,0
DA:18,0
DA:19,0
DA:21,0
DA:24,0
DA:26,0
DA:27,0
DA:28,0
DA:30,0
DA:32,0
DA:33,0
DA:36,0
DA:41,0
DA:44,0
LF:15
LH:0
BRF:0
BRH:0
end_of_record
TN:
SF:src/router.js
FN:23,(anonymous_0)
FN:34,(anonymous_1)
FN:45,(anonymous_2)
FNF:3
FNH:0
FNDA:0,(anonymous_0)
FNDA:0,(anonymous_1)
FNDA:0,(anonymous_2)
DA:17,0
DA:24,0
DA:25,0
DA:27,0
DA:35,0
DA:36,0
DA:37,0
DA:39,0
DA:40,0
DA:46,0
DA:47,0
DA:49,0
LF:12
LH:0
BRDA:24,0,0,0
BRDA:24,0,1,0
BRDA:35,1,0,0
BRDA:35,1,1,0
BRDA:46,2,0,0
BRDA:46,2,1,0
BRF:6
BRH:0
end_of_record
TN:
SF:src/store.js
FN:17,(anonymous_0)
FN:18,(anonymous_1)
FN:19,(anonymous_2)
FN:20,(anonymous_3)
FN:23,(anonymous_4)
FN:26,(anonymous_5)
FN:29,(anonymous_6)
FN:32,(anonymous_7)
FN:37,(anonymous_8)
FN:45,(anonymous_9)
FN:51,(anonymous_10)
FN:56,(anonymous_11)
FN:62,(anonymous_12)
FNF:13
FNH:0
FNDA:0,(anonymous_0)
FNDA:0,(anonymous_1)
FNDA:0,(anonymous_2)
FNDA:0,(anonymous_3)
FNDA:0,(anonymous_4)
FNDA:0,(anonymous_5)
FNDA:0,(anonymous_6)
FNDA:0,(anonymous_7)
FNDA:0,(anonymous_8)
FNDA:0,(anonymous_9)
FNDA:0,(anonymous_10)
FNDA:0,(anonymous_11)
FNDA:0,(anonymous_12)
DA:7,0
DA:17,0
DA:18,0
DA:19,0
DA:20,0
DA:24,0
DA:27,0
DA:30,0
DA:33,0
DA:38,0
DA:46,0
DA:47,0
DA:48,0
DA:49,0
DA:50,0
DA:52,0
DA:53,0
DA:57,0
DA:58,0
DA:59,0
DA:60,0
DA:63,0
DA:64,0
DA:65,0
DA:66,0
LF:25
LH:0
BRF:0
BRH:0
end_of_record
TN:
SF:src/sum.js
FN:1,(anonymous_0)
FNF:1
FNH:1
FNDA:1,(anonymous_0)
DA:1,1
DA:2,1
LF:2
LH:2
BRF:0
BRH:0
end_of_record
TN:
SF:src/components/question.vue
FN:47,(anonymous_1)
FN:57,(anonymous_2)
FN:58,(anonymous_3)
FN:62,(anonymous_4)
FNF:4
FNH:0
FNDA:0,(anonymous_1)
FNDA:0,(anonymous_2)
FNDA:0,(anonymous_3)
FNDA:0,(anonymous_4)
DA:44,0
DA:48,0
DA:58,0
DA:60,0
DA:64,0
LF:5
LH:0
BRF:0
BRH:0
end_of_record
TN:
SF:src/components/BestAnswer/BestAnswerButton.vue
FN:27,(anonymous_1)
FN:29,(anonymous_2)
FNF:2
FNH:0
FNDA:0,(anonymous_1)
FNDA:0,(anonymous_2)
DA:23,0
DA:28,0
DA:29,0
DA:32,0
DA:33,0
LF:5
LH:0
BRDA:28,0,0,0
BRDA:28,0,1,0
BRF:2
BRH:0
end_of_record
TN:
SF:src/components/Comments/CommentForm.vue
FN:99,(anonymous_1)
FN:112,(anonymous_2)
FN:113,(anonymous_3)
FN:123,(anonymous_4)
FN:125,(anonymous_5)
FN:133,(anonymous_6)
FN:140,(anonymous_7)
FN:141,(anonymous_8)
FN:148,(anonymous_9)
FN:157,(anonymous_10)
FN:159,(anonymous_11)
FN:167,(anonymous_12)
FN:172,(anonymous_13)
FN:173,(anonymous_14)
FN:178,(anonymous_15)
FN:179,(anonymous_16)
FN:186,(anonymous_17)
FNF:17
FNH:0
FNDA:0,(anonymous_1)
FNDA:0,(anonymous_2)
FNDA:0,(anonymous_3)
FNDA:0,(anonymous_4)
FNDA:0,(anonymous_5)
FNDA:0,(anonymous_6)
FNDA:0,(anonymous_7)
FNDA:0,(anonymous_8)
FNDA:0,(anonymous_9)
FNDA:0,(anonymous_10)
FNDA:0,(anonymous_11)
FNDA:0,(anonymous_12)
FNDA:0,(anonymous_13)
FNDA:0,(anonymous_14)
FNDA:0,(anonymous_15)
FNDA:0,(anonymous_16)
FNDA:0,(anonymous_17)
DA:91,0
DA:92,0
DA:93,0
DA:94,0
DA:100,0
DA:113,0
DA:116,0
DA:117,0
DA:119,0
DA:120,0
DA:124,0
DA:131,0
DA:132,0
DA:135,0
DA:136,0
DA:138,0
DA:141,0
DA:144,0
DA:145,0
DA:149,0
DA:150,0
DA:152,0
DA:154,0
DA:155,0
DA:158,0
DA:166,0
DA:169,0
DA:173,0
DA:174,0
DA:175,0
DA:179,0
DA:182,0
DA:183,0
DA:184,0
DA:185,0
DA:188,0
LF:36
LH:0
BRDA:149,0,0,0
BRDA:149,0,1,0
BRF:2
BRH:0
end_of_record
TN:
SF:src/components/Comments/CommentsList.vue
FN:56,(anonymous_1)
FN:67,(anonymous_2)
FN:68,(anonymous_3)
FN:78,(anonymous_4)
FN:87,(anonymous_5)
FN:89,(anonymous_6)
FN:97,(anonymous_7)
FN:102,(anonymous_8)
FN:103,(anonymous_9)
FN:108,(anonymous_10)
FN:109,(anonymous_11)
FN:115,(anonymous_12)
FNF:12
FNH:0
FNDA:0,(anonymous_1)
FNDA:0,(anonymous_2)
FNDA:0,(anonymous_3)
FNDA:0,(anonymous_4)
FNDA:0,(anonymous_5)
FNDA:0,(anonymous_6)
FNDA:0,(anonymous_7)
FNDA:0,(anonymous_8)
FNDA:0,(anonymous_9)
FNDA:0,(anonymous_10)
FNDA:0,(anonymous_11)
FNDA:0,(anonymous_12)
DA:48,0
DA:49,0
DA:50,0
DA:51,0
DA:57,0
DA:68,0
DA:71,0
DA:72,0
DA:74,0
DA:75,0
DA:79,0
DA:80,0
DA:82,0
DA:84,0
DA:85,0
DA:88,0
DA:96,0
DA:99,0
DA:103,0
DA:104,0
DA:105,0
DA:109,0
DA:112,0
DA:113,0
DA:114,0
DA:117,0
LF:26
LH:0
BRDA:79,0,0,0
BRDA:79,0,1,0
BRF:2
BRH:0
end_of_record
TN:
SF:src/components/Comments/CommentsReplys.vue
FN:92,(anonymous_1)
FN:103,(anonymous_2)
FN:107,(anonymous_3)
FN:116,(anonymous_4)
FN:118,(anonymous_5)
FN:126,(anonymous_6)
FN:131,(anonymous_7)
FN:132,(anonymous_8)
FN:137,(anonymous_9)
FNF:9
FNH:0
FNDA:0,(anonymous_1)
FNDA:0,(anonymous_2)
FNDA:0,(anonymous_3)
FNDA:0,(anonymous_4)
FNDA:0,(anonymous_5)
FNDA:0,(anonymous_6)
FNDA:0,(anonymous_7)
FNDA:0,(anonymous_8)
FNDA:0,(anonymous_9)
DA:88,0
DA:93,0
DA:104,0
DA:108,0
DA:109,0
DA:111,0
DA:113,0
DA:114,0
DA:117,0
DA:125,0
DA:128,0
DA:132,0
DA:133,0
DA:134,0
DA:138,0
DA:139,0
DA:141,0
DA:143,0
DA:144,0
LF:19
LH:0
BRDA:108,0,0,0
BRDA:108,0,1,0
BRDA:138,1,0,0
BRDA:138,1,1,0
BRF:4
BRH:0
end_of_record
TN:
SF:src/components/Good/GoodButton.vue
FN:32,(anonymous_1)
FN:41,(anonymous_2)
FN:45,(anonymous_3)
FN:53,(anonymous_4)
FN:54,(anonymous_5)
FN:67,(anonymous_6)
FN:76,(anonymous_7)
FN:85,(anonymous_8)
FN:92,(anonymous_9)
FN:104,(anonymous_10)
FN:107,(anonymous_11)
FN:108,(anonymous_12)
FN:115,(anonymous_13)
FN:116,(anonymous_14)
FNF:14
FNH:0
FNDA:0,(anonymous_1)
FNDA:0,(anonymous_2)
FNDA:0,(anonymous_3)
FNDA:0,(anonymous_4)
FNDA:0,(anonymous_5)
FNDA:0,(anonymous_6)
FNDA:0,(anonymous_7)
FNDA:0,(anonymous_8)
FNDA:0,(anonymous_9)
FNDA:0,(anonymous_10)
FNDA:0,(anonymous_11)
FNDA:0,(anonymous_12)
FNDA:0,(anonymous_13)
FNDA:0,(anonymous_14)
DA:22,0
DA:23,0
DA:24,0
DA:25,0
DA:27,0
DA:33,0
DA:42,0
DA:46,0
DA:47,0
DA:49,0
DA:54,0
DA:55,0
DA:57,0
DA:68,0
DA:69,0
DA:70,0
DA:72,0
DA:73,0
DA:77,0
DA:81,0
DA:82,0
DA:83,0
DA:85,0
DA:86,0
DA:87,0
DA:88,0
DA:93,0
DA:94,0
DA:101,0
DA:102,0
DA:104,0
DA:108,0
DA:109,0
DA:111,0
DA:112,0
DA:116,0
DA:118,0
DA:119,0
LF:38
LH:0
BRDA:46,0,0,0
BRDA:46,0,1,0
BRDA:69,1,0,0
BRDA:69,1,1,0
BRDA:82,2,0,0
BRDA:82,2,1,0
BRDA:101,3,0,0
BRDA:101,3,1,0
BRDA:111,4,0,0
BRDA:111,4,1,0
BRF:10
BRH:0
end_of_record
TN:
SF:src/components/Ranking/BestAnswerRanking.vue
FN:21,(anonymous_1)
FN:27,(anonymous_2)
FN:28,(anonymous_3)
FN:35,(anonymous_4)
FNF:4
FNH:0
FNDA:0,(anonymous_1)
FNDA:0,(anonymous_2)
FNDA:0,(anonymous_3)
FNDA:0,(anonymous_4)
DA:19,0
DA:22,0
DA:28,0
DA:31,0
DA:32,0
DA:33,0
DA:34,0
DA:37,0
LF:8
LH:0
BRF:0
BRH:0
end_of_record
TN:
SF:src/components/Ranking/RankingList.vue
FN:28,(anonymous_1)
FNF:1
FNH:0
FNDA:0,(anonymous_1)
DA:12,0
DA:13,0
DA:14,0
DA:15,0
DA:29,0
LF:5
LH:0
BRF:0
BRH:0
end_of_record
TN:
SF:src/components/Tags/Tagslist.vue
FN:52,(anonymous_1)
FNF:1
FNH:0
FNDA:0,(anonymous_1)
DA:53,0
LF:1
LH:0
BRF:0
BRH:0
end_of_record
TN:
SF:src/components/Users/UsersEdit.vue
FN:130,(anonymous_1)
FN:156,(anonymous_2)
FN:157,(anonymous_3)
FN:166,(anonymous_4)
FN:170,(anonymous_5)
FN:172,(anonymous_6)
FN:182,(anonymous_7)
FN:189,(anonymous_8)
FNF:8
FNH:0
FNDA:0,(anonymous_1)
FNDA:0,(anonymous_2)
FNDA:0,(anonymous_3)
FNDA:0,(anonymous_4)
FNDA:0,(anonymous_5)
FNDA:0,(anonymous_6)
FNDA:0,(anonymous_7)
FNDA:0,(anonymous_8)
DA:120,0
DA:121,0
DA:122,0
DA:131,0
DA:157,0
DA:158,0
DA:159,0
DA:160,0
DA:161,0
DA:167,0
DA:168,0
DA:171,0
DA:178,0
DA:179,0
DA:180,0
DA:181,0
DA:184,0
DA:185,0
DA:186,0
DA:190,0
DA:191,0
DA:194,0
DA:195,0
DA:197,0
DA:198,0
DA:199,0
DA:201,0
LF:27
LH:0
BRDA:190,0,0,0
BRDA:190,0,1,0
BRDA:197,1,0,0
BRDA:197,1,1,0
BRF:4
BRH:0
end_of_record
TN:
SF:src/components/Users/UsersGoodsComment.vue
FN:37,(anonymous_1)
FN:48,(anonymous_2)
FN:49,(anonymous_3)
FNF:3
FNH:0
FNDA:0,(anonymous_1)
FNDA:0,(anonymous_2)
FNDA:0,(anonymous_3)
DA:34,1
DA:38,0
DA:49,0
DA:52,0
DA:53,0
LF:5
LH:1
BRF:0
BRH:0
end_of_record
TN:
SF:src/components/Users/UsersQuestions.vue
FN:108,(anonymous_1)
FN:113,(anonymous_2)
FN:114,(anonymous_3)
FN:123,(anonymous_4)
FNF:4
FNH:0
FNDA:0,(anonymous_1)
FNDA:0,(anonymous_2)
FNDA:0,(anonymous_3)
FNDA:0,(anonymous_4)
DA:101,1
DA:102,1
DA:109,0
DA:114,0
DA:117,0
DA:118,0
DA:119,0
DA:125,0
DA:126,0
DA:128,0
DA:130,0
LF:11
LH:2
BRDA:125,0,0,0
BRDA:125,0,1,0
BRF:2
BRH:0
end_of_record
TN:
SF:src/components/Users/UsersRanking.vue
FN:21,(anonymous_1)
FN:27,(anonymous_2)
FN:28,(anonymous_3)
FN:35,(anonymous_4)
FNF:4
FNH:0
FNDA:0,(anonymous_1)
FNDA:0,(anonymous_2)
FNDA:0,(anonymous_3)
FNDA:0,(anonymous_4)
DA:19,0
DA:22,0
DA:28,0
DA:31,0
DA:32,0
DA:33,0
DA:34,0
DA:37,0
LF:8
LH:0
BRF:0
BRH:0
end_of_record
TN:
SF:src/components/Users/UsersShow.vue
FN:176,(anonymous_1)
FN:182,(anonymous_2)
FN:183,(anonymous_3)
FN:190,(anonymous_4)
FN:191,(anonymous_5)
FNF:5
FNH:2
FNDA:1,(anonymous_1)
FNDA:1,(anonymous_2)
FNDA:0,(anonymous_3)
FNDA:0,(anonymous_4)
FNDA:0,(anonymous_5)
DA:168,1
DA:169,1
DA:170,1
DA:177,1
DA:183,1
DA:184,0
DA:185,0
DA:187,0
DA:191,0
DA:192,0
DA:193,0
LF:11
LH:5
BRF:0
BRH:0
end_of_record
TN:
SF:src/components/Users/UsersTab.vue
FN:79,(anonymous_1)
FNF:1
FNH:0
FNDA:0,(anonymous_1)
DA:74,1
DA:75,1
DA:80,0
LF:3
LH:2
BRF:0
BRH:0
end_of_record
TN:
SF:src/components/layouts/Home.vue
FNF:0
FNH:0
DA:19,0
DA:20,0
DA:21,0
LF:3
LH:0
BRF:0
BRH:0
end_of_record
TN:
SF:src/components/layouts/SearchForm.vue
FN:22,(anonymous_1)
FNF:1
FNH:0
FNDA:0,(anonymous_1)
DA:23,0
LF:1
LH:0
BRF:0
BRH:0
end_of_record
TN:
SF:src/components/layouts/TheHeading.vue
FN:147,(anonymous_1)
FN:153,(anonymous_2)
FN:158,(anonymous_3)
FN:161,(anonymous_4)
FNF:4
FNH:0
FNDA:0,(anonymous_1)
FNDA:0,(anonymous_2)
FNDA:0,(anonymous_3)
FNDA:0,(anonymous_4)
DA:141,0
DA:142,0
DA:143,0
DA:145,0
DA:148,0
DA:154,0
DA:159,0
DA:162,0
LF:8
LH:0
BRF:0
BRH:0
end_of_record
TN:
SF:src/components/questions/QuestionCommentsCount.vue
FN:39,(anonymous_1)
FN:44,(anonymous_2)
FN:45,(anonymous_3)
FNF:3
FNH:0
FNDA:0,(anonymous_1)
FNDA:0,(anonymous_2)
FNDA:0,(anonymous_3)
DA:36,1
DA:40,0
DA:45,0
DA:46,0
DA:47,0
LF:5
LH:1
BRF:0
BRH:0
end_of_record
TN:
SF:src/components/questions/QuestionCreate.vue
FN:114,(anonymous_1)
FN:138,(anonymous_2)
FN:143,(anonymous_3)
FN:145,(anonymous_4)
FN:154,(anonymous_5)
FNF:5
FNH:0
FNDA:0,(anonymous_1)
FNDA:0,(anonymous_2)
FNDA:0,(anonymous_3)
FNDA:0,(anonymous_4)
FNDA:0,(anonymous_5)
DA:109,0
DA:110,0
DA:111,0
DA:115,0
DA:139,0
DA:144,0
DA:152,0
DA:153,0
DA:156,0
DA:157,0
LF:10
LH:0
BRF:0
BRH:0
end_of_record
TN:
SF:src/components/questions/QuestionLatestPosts.vue
FN:156,(anonymous_1)
FN:161,(anonymous_2)
FN:169,(anonymous_3)
FN:170,(anonymous_4)
FN:176,(anonymous_5)
FN:185,(anonymous_6)
FN:191,(anonymous_7)
FN:198,(anonymous_8)
FNF:8
FNH:0
FNDA:0,(anonymous_1)
FNDA:0,(anonymous_2)
FNDA:0,(anonymous_3)
FNDA:0,(anonymous_4)
FNDA:0,(anonymous_5)
FNDA:0,(anonymous_6)
FNDA:0,(anonymous_7)
FNDA:0,(anonymous_8)
DA:143,0
DA:144,0
DA:145,0
DA:146,0
DA:147,0
DA:157,0
DA:158,0
DA:162,0
DA:170,0
DA:171,0
DA:172,0
DA:178,0
DA:179,0
DA:181,0
DA:183,0
DA:186,0
DA:187,0
DA:192,0
DA:193,0
DA:194,0
DA:195,0
DA:196,0
DA:199,0
LF:23
LH:0
BRDA:178,0,0,0
BRDA:178,0,1,0
BRF:2
BRH:0
end_of_record
TN:
SF:src/components/questions/QuestionList.vue
FN:145,(anonymous_1)
FNF:1
FNH:0
FNDA:0,(anonymous_1)
DA:134,0
DA:135,0
DA:136,0
DA:146,0
LF:4
LH:0
BRF:0
BRH:0
end_of_record
TN:
SF:src/components/questions/QuestionSearchResult.vue
FN:124,(anonymous_1)
FN:129,(anonymous_2)
FN:130,(anonymous_3)
FN:136,(anonymous_4)
FNF:4
FNH:0
FNDA:0,(anonymous_1)
FNDA:0,(anonymous_2)
FNDA:0,(anonymous_3)
FNDA:0,(anonymous_4)
DA:115,0
DA:116,0
DA:117,0
DA:118,0
DA:125,0
DA:130,0
DA:131,0
DA:132,0
DA:138,0
DA:139,0
DA:141,0
DA:143,0
LF:12
LH:0
BRDA:138,0,0,0
BRDA:138,0,1,0
BRF:2
BRH:0
end_of_record
TN:
SF:src/components/questions/QuestionShow.vue
FN:64,(anonymous_1)
FN:70,(anonymous_2)
FN:76,(anonymous_3)
FN:77,(anonymous_4)
FN:81,(anonymous_5)
FN:89,(anonymous_6)
FN:91,(anonymous_7)
FN:96,(anonymous_8)
FNF:8
FNH:0
FNDA:0,(anonymous_1)
FNDA:0,(anonymous_2)
FNDA:0,(anonymous_3)
FNDA:0,(anonymous_4)
FNDA:0,(anonymous_5)
FNDA:0,(anonymous_6)
FNDA:0,(anonymous_7)
FNDA:0,(anonymous_8)
DA:56,0
DA:57,0
DA:58,0
DA:65,0
DA:66,0
DA:71,0
DA:77,0
DA:78,0
DA:79,0
DA:81,0
DA:84,0
DA:85,0
DA:90,0
DA:91,0
DA:94,0
DA:95,0
DA:98,0
DA:99,0
LF:18
LH:0
BRDA:90,0,0,0
BRDA:90,0,1,0
BRF:2
BRH:0
end_of_record
TN:
SF:src/components/questions/QuestionSolvedPosts.vue
FN:131,(anonymous_1)
FN:137,(anonymous_2)
FN:138,(anonymous_3)
FN:144,(anonymous_4)
FNF:4
FNH:0
FNDA:0,(anonymous_1)
FNDA:0,(anonymous_2)
FNDA:0,(anonymous_3)
FNDA:0,(anonymous_4)
DA:124,0
DA:126,0
DA:127,0
DA:132,0
DA:138,0
DA:139,0
DA:140,0
DA:146,0
DA:147,0
DA:149,0
DA:151,0
LF:11
LH:0
BRDA:146,0,0,0
BRDA:146,0,1,0
BRF:2
BRH:0
end_of_record
TN:
SF:src/components/questions/QuestionStatus.vue
FN:55,(anonymous_1)
FN:61,(anonymous_2)
FN:62,(anonymous_3)
FN:65,(anonymous_4)
FNF:4
FNH:0
FNDA:0,(anonymous_1)
FNDA:0,(anonymous_2)
FNDA:0,(anonymous_3)
FNDA:0,(anonymous_4)
DA:52,0
DA:56,0
DA:62,0
DA:63,0
DA:64,0
DA:66,0
LF:6
LH:0
BRF:0
BRH:0
end_of_record
TN:
SF:src/components/questions/QuestionTag.vue
FN:116,(anonymous_1)
FN:123,(anonymous_2)
FN:124,(anonymous_3)
FN:131,(anonymous_4)
FNF:4
FNH:0
FNDA:0,(anonymous_1)
FNDA:0,(anonymous_2)
FNDA:0,(anonymous_3)
FNDA:0,(anonymous_4)
DA:108,0
DA:109,0
DA:110,0
DA:111,0
DA:117,0
DA:124,0
DA:125,0
DA:126,0
DA:127,0
DA:133,0
DA:134,0
DA:136,0
DA:138,0
LF:13
LH:0
BRDA:133,0,0,0
BRDA:133,0,1,0
BRF:2
BRH:0
end_of_record
TN:
SF:src/components/questions/QuestionUsersSpecialty.vue
FN:156,(anonymous_1)
FN:161,(anonymous_2)
FN:169,(anonymous_3)
FN:170,(anonymous_4)
FN:176,(anonymous_5)
FN:185,(anonymous_6)
FN:191,(anonymous_7)
FN:198,(anonymous_8)
FNF:8
FNH:0
FNDA:0,(anonymous_1)
FNDA:0,(anonymous_2)
FNDA:0,(anonymous_3)
FNDA:0,(anonymous_4)
FNDA:0,(anonymous_5)
FNDA:0,(anonymous_6)
FNDA:0,(anonymous_7)
FNDA:0,(anonymous_8)
DA:144,0
DA:145,0
DA:146,0
DA:147,0
DA:157,0
DA:158,0
DA:162,0
DA:170,0
DA:171,0
DA:172,0
DA:178,0
DA:179,0
DA:181,0
DA:183,0
DA:186,0
DA:187,0
DA:192,0
DA:193,0
DA:194,0
DA:195,0
DA:196,0
DA:199,0
LF:22
LH:0
BRDA:178,0,0,0
BRDA:178,0,1,0
BRF:2
BRH:0
end_of_record
TN:
SF:src/views/Login.vue
FN:98,(anonymous_1)
FN:106,(anonymous_2)
FN:112,(anonymous_3)
FNF:3
FNH:0
FNDA:0,(anonymous_1)
FNDA:0,(anonymous_2)
FNDA:0,(anonymous_3)
DA:99,0
DA:107,0
DA:113,0
LF:3
LH:0
BRF:0
BRH:0
end_of_record
TN:
SF:src/views/Register.vue
FN:132,(anonymous_1)
FN:142,(anonymous_2)
FN:144,(anonymous_3)
FN:153,(anonymous_4)
FN:159,(anonymous_5)
FN:162,(anonymous_6)
FNF:6
FNH:0
FNDA:0,(anonymous_1)
FNDA:0,(anonymous_2)
FNDA:0,(anonymous_3)
FNDA:0,(anonymous_4)
FNDA:0,(anonymous_5)
FNDA:0,(anonymous_6)
DA:124,0
DA:125,0
DA:126,0
DA:127,0
DA:129,0
DA:133,0
DA:143,0
DA:151,0
DA:152,0
DA:155,0
DA:156,0
DA:160,0
DA:163,0
LF:13
LH:0
BRF:0
BRH:0
end_of_record
